make: Warning: File 'Makefile' has modification time 12725 s in the future
Installing 25 packages: rlang, R.oo, ps, pkgbuild, fs, sass, generics, openssl, curl, utf8, pillar, textshaping, systemfonts, diffobj, tibble, ragg, promises, later, httpuv, zip, gh, V8, R.cache, pkgdown, miniUI
Cloning into 'dotfiles'...
find: ‘/scratch/ibp5092/manCTMed/.setup/cpp’: No such file or directory
find: ‘/scratch/ibp5092/manCTMed/src’: No such file or directory
Loading required package: ggplot2
✔ Setting active project to "/scratch/ibp5092/manCTMed".
✔ Saving "model" to "R/sysdata.rda".
ℹ Updating manCTMed documentation
First time using roxygen2. Upgrading automatically...
Setting `RoxygenNote` to "7.3.2"
ℹ Loading manCTMed
✖ In topic 'TemplateIllustration.Rd': Skipping; no name and/or title.
✖ In topic 'Template.Rd': Skipping; no name and/or title.
Writing 'NAMESPACE'
Writing 'BootParaStdXMY.Rd'
Writing 'BootParaStdXYM.Rd'
Writing 'BootParaStdYMX.Rd'
Writing 'BootParaXMY.Rd'
Writing 'BootParaXYM.Rd'
Writing 'BootParaYMX.Rd'
Writing 'BootPara.Rd'
Writing 'Compress.Rd'
Writing 'params.Rd'
Writing 'results.Rd'
Writing 'DeltaStdXMY.Rd'
Writing 'DeltaStdXYM.Rd'
Writing 'DeltaStdYMX.Rd'
Writing 'DeltaXMY.Rd'
Writing 'DeltaXYM.Rd'
Writing 'DeltaYMX.Rd'
Writing 'FigPlotEffects.Rd'
Writing 'FigScatterPlotCoverage.Rd'
Writing 'FigScatterPlotPower.Rd'
Writing 'FigScatterPlotSeBias.Rd'
Writing 'FigScatterPlotType1.Rd'
Writing 'FitDynr.Rd'
Writing 'FitMx.Rd'
Writing 'GenData.Rd'
Writing 'IllustrationBootPara.Rd'
Writing 'IllustrationCompress.Rd'
Writing 'illustration_dist_dt_mc.Rd'
Writing 'illustration_dist_dt.Rd'
Writing 'illustration_dist_mc.Rd'
Writing 'illustration_dist_med_mc.Rd'
Writing 'illustration_dist_med_std_mc.Rd'
Writing 'illustration_dist_med_std.Rd'
Writing 'illustration_dist_med.Rd'
Writing 'illustration_dist.Rd'
Writing 'illustration_results.Rd'
Writing 'IllustrationFigPlotEffects.Rd'
Writing 'IllustrationFigScatterPlotCoverage.Rd'
Writing 'IllustrationFigScatterPlotPower.Rd'
Writing 'IllustrationFigScatterPlotSeBias.Rd'
Writing 'IllustrationFitDynr.Rd'
Writing 'IllustrationFitMx.Rd'
Writing 'IllustrationGenData.Rd'
Writing 'IllustrationMCPhiSigma.Rd'
Writing 'IllustrationPrepData.Rd'
Writing 'SimIllustrationDynrBootParaStdXMY.Rd'
Writing 'SimIllustrationDynrBootParaXMY.Rd'
Writing 'SimIllustrationDynrBootPara.Rd'
Writing 'SimIllustrationDynrDeltaStdXMY.Rd'
Writing 'SimIllustrationDynrDeltaXMY.Rd'
Writing 'SimIllustrationDynrMCPhiSigma.Rd'
Writing 'SimIllustrationDynrMCStdXMY.Rd'
Writing 'SimIllustrationDynrMCXMY.Rd'
Writing 'SimIllustrationFitDynr.Rd'
Writing 'SimIllustrationFitMx.Rd'
Writing 'SimIllustrationGenData.Rd'
Writing 'SimIllustrationPara.Rd'
Writing 'SimIllustration.Rd'
Writing 'SumIllustrationDynrBootParaStdXMY.Rd'
Writing 'SumIllustrationDynrBootParaXMY.Rd'
Writing 'SumIllustrationDynrDeltaStdXMY.Rd'
Writing 'SumIllustrationDynrDeltaXMY.Rd'
Writing 'SumIllustrationDynrMCStdXMY.Rd'
Writing 'SumIllustrationDynrMCXMY.Rd'
Writing 'SumIllustrationFitDynr.Rd'
Writing 'SumIllustration.Rd'
Writing 'MCStdXMY.Rd'
Writing 'MCStdXYM.Rd'
Writing 'MCStdYMX.Rd'
Writing 'MCXMY.Rd'
Writing 'MCXYM.Rd'
Writing 'MCYMX.Rd'
Writing 'manCTMed-package.Rd'
Writing 'PhiHat.Rd'
Writing 'RandomMeasurement.Rd'
Writing 'SimDynrBootParaStdXMY.Rd'
Writing 'SimDynrBootParaStdYMX.Rd'
Writing 'SimDynrBootParaXMY.Rd'
Writing 'SimDynrBootParaYMX.Rd'
Writing 'SimDynrBootPara.Rd'
Writing 'SimDynrDeltaStdXMY.Rd'
Writing 'SimDynrDeltaStdYMX.Rd'
Writing 'SimDynrDeltaXMY.Rd'
Writing 'SimDynrDeltaYMX.Rd'
Writing 'SimDynrMCStdXMY.Rd'
Writing 'SimDynrMCStdYMX.Rd'
Writing 'SimDynrMCXMY.Rd'
Writing 'SimDynrMCYMX.Rd'
Writing 'SimFitDynr.Rd'
Writing 'SimFitMx.Rd'
Writing 'SimFN.Rd'
Writing 'SimGenData.Rd'
Writing 'SimPara.Rd'
Writing 'SimProj.Rd'
Writing 'Sim.Rd'
Writing 'SumDynrDeltaStdXMY.Rd'
Writing 'SumDynrDeltaStdYMX.Rd'
Writing 'SumDynrDeltaXMY.Rd'
Writing 'SumDynrDeltaYMX.Rd'
Writing 'SumDynrMCStdXMY.Rd'
Writing 'SumDynrMCStdYMX.Rd'
Writing 'SumDynrMCXMY.Rd'
Writing 'SumDynrMCYMX.Rd'
Writing 'SumFitDynr.Rd'
Writing 'Sum.Rd'
Writing 'ThetaHat.Rd'
ℹ Updating manCTMed documentation
ℹ Loading manCTMed
✖ In topic 'TemplateIllustration.Rd': Skipping; no name and/or title.
✖ In topic 'Template.Rd': Skipping; no name and/or title.
✔ Setting active project to "/scratch/ibp5092/manCTMed".
✔ Saving "model" to "R/sysdata.rda".


processing file: /scratch/ibp5092/manCTMed/vignettes/containers.Rmd.orig
output file: /scratch/ibp5092/manCTMed/vignettes/containers.Rmd



processing file: /scratch/ibp5092/manCTMed/vignettes/fig-example-1.Rmd.orig
output file: /scratch/ibp5092/manCTMed/vignettes/fig-example-1.Rmd



processing file: /scratch/ibp5092/manCTMed/vignettes/fig-example-2.Rmd.orig
output file: /scratch/ibp5092/manCTMed/vignettes/fig-example-2.Rmd



processing file: /scratch/ibp5092/manCTMed/vignettes/fig-example-3.Rmd.orig
output file: /scratch/ibp5092/manCTMed/vignettes/fig-example-3.Rmd



processing file: /scratch/ibp5092/manCTMed/vignettes/fig-sampling-distribution.Rmd.orig
output file: /scratch/ibp5092/manCTMed/vignettes/fig-sampling-distribution.Rmd



processing file: /scratch/ibp5092/manCTMed/vignettes/fig-scatter-plots-illustration.Rmd.orig
output file: /scratch/ibp5092/manCTMed/vignettes/fig-scatter-plots-illustration.Rmd



processing file: /scratch/ibp5092/manCTMed/vignettes/fig-scatter-plots-neg.Rmd.orig
output file: /scratch/ibp5092/manCTMed/vignettes/fig-scatter-plots-neg.Rmd



processing file: /scratch/ibp5092/manCTMed/vignettes/fig-scatter-plots-pos.Rmd.orig
output file: /scratch/ibp5092/manCTMed/vignettes/fig-scatter-plots-pos.Rmd



processing file: /scratch/ibp5092/manCTMed/vignettes/fig-scatter-plots-zero.Rmd.orig
output file: /scratch/ibp5092/manCTMed/vignettes/fig-scatter-plots-zero.Rmd



processing file: /scratch/ibp5092/manCTMed/vignettes/replication.Rmd.orig
output file: /scratch/ibp5092/manCTMed/vignettes/replication.Rmd



processing file: /scratch/ibp5092/manCTMed/vignettes/session.Rmd.orig
output file: /scratch/ibp5092/manCTMed/vignettes/session.Rmd

ℹ Updating manCTMed documentation
ℹ Loading manCTMed
✖ In topic 'TemplateIllustration.Rd': Skipping; no name and/or title.
✖ In topic 'Template.Rd': Skipping; no name and/or title.
ℹ Updating manCTMed documentation
ℹ Loading manCTMed
✖ In topic 'TemplateIllustration.Rd': Skipping; no name and/or title.
✖ In topic 'Template.Rd': Skipping; no name and/or title.


processing file: README.Rmd
output file: README.knit.md


Preview created: /scratch/ibp5092/manCTMed/README.html

Output created: README.md
Converting parsed Rd's to LaTeX ..........
Warning in texi2dvi(file = file, pdf = TRUE, clean = clean, quiet = quiet,  :
  texi2dvi script/program not available, using emulation
This is makeindex, version 2.17 [TeX Live 2025] (kpathsea + Thai support).
Scanning input file Rd2.idx....done (973 entries accepted, 0 rejected).
Sorting entries..........done (10356 comparisons).
Generating output file Rd2.ind....done (645 lines written, 10 warnings).
Output written in Rd2.ind.
Transcript written in Rd2.ilg.
This is makeindex, version 2.17 [TeX Live 2025] (kpathsea + Thai support).
Scanning input file Rd2.idx....done (973 entries accepted, 0 rejected).
Sorting entries..........done (10362 comparisons).
Generating output file Rd2.ind....done (645 lines written, 11 warnings).
Output written in Rd2.ind.
Transcript written in Rd2.ilg.
sh: 1: /usr/bin/xdg-open: not found
Warning in system(paste(preview, output)) : error in running command
✔ 'CITATION.cff' generated
✔ Congratulations! 'CITATION.cff' is valid


processing file: /scratch/ibp5092/manCTMed/.setup/latex/manCTMed-manuscript.Rtex
output file: /scratch/ibp5092/manCTMed/detritus/tex/manCTMed-manuscript.tex



processing file: /scratch/ibp5092/manCTMed/.setup/latex/manCTMed-supplement.Rtex
output file: /scratch/ibp5092/manCTMed/detritus/tex/manCTMed-supplement.tex

Use of uninitialized value in concatenation (.) or string at (eval 9) line 1.
Latexmk: Missing input file 'TS1xcmss.fd' (or dependence on it) from following:
  No file TS1xcmss.fd.
Latexmk: Missing input file 'TS1cmsmf.fd' (or dependence on it) from following:
  No file TS1cmsmf.fd.
Latexmk: Missing input file 'TS1xcmss.fd' (or dependence on it) from following:
  No file TS1xcmss.fd.
Latexmk: Missing input file 'TS1cmsmf.fd' (or dependence on it) from following:
  No file TS1cmsmf.fd.
Latexmk: Missing input file 'TS1xcmss.fd' (or dependence on it) from following:
  No file TS1xcmss.fd.
Latexmk: Missing input file 'TS1cmsmf.fd' (or dependence on it) from following:
  No file TS1cmsmf.fd.
Latexmk: Missing input file 'TS1xcmss.fd' (or dependence on it) from following:
  No file TS1xcmss.fd.
Latexmk: Missing input file 'TS1cmsmf.fd' (or dependence on it) from following:
  No file TS1cmsmf.fd.
Latexmk: Missing input file 'TS1xcmss.fd' (or dependence on it) from following:
  No file TS1xcmss.fd.
Latexmk: Missing input file 'TS1cmsmf.fd' (or dependence on it) from following:
  No file TS1cmsmf.fd.
Latexmk: Missing input file 'TS1xcmss.fd' (or dependence on it) from following:
  No file TS1xcmss.fd.
Latexmk: Missing input file 'TS1cmsmf.fd' (or dependence on it) from following:
  No file TS1cmsmf.fd.
Latexmk: Missing input file 'TS1xcmss.fd' (or dependence on it) from following:
  No file TS1xcmss.fd.
Latexmk: Missing input file 'TS1cmsmf.fd' (or dependence on it) from following:
  No file TS1cmsmf.fd.
Latexmk: Missing input file 'TS1xcmss.fd' (or dependence on it) from following:
  No file TS1xcmss.fd.
Latexmk: Missing input file 'TS1cmsmf.fd' (or dependence on it) from following:
  No file TS1cmsmf.fd.
Latexmk: Missing input file 'TS1xcmss.fd' (or dependence on it) from following:
  No file TS1xcmss.fd.
Latexmk: Missing input file 'TS1cmsmf.fd' (or dependence on it) from following:
  No file TS1cmsmf.fd.
Latexmk: Missing input file 'TS1xcmss.fd' (or dependence on it) from following:
  No file TS1xcmss.fd.
Latexmk: Missing input file 'TS1cmsmf.fd' (or dependence on it) from following:
  No file TS1cmsmf.fd.
Latexmk: Missing input file 'TS1xcmss.fd' (or dependence on it) from following:
  No file TS1xcmss.fd.
Latexmk: Missing input file 'TS1cmsmf.fd' (or dependence on it) from following:
  No file TS1cmsmf.fd.
Latexmk: Missing input file 'TS1xcmss.fd' (or dependence on it) from following:
  No file TS1xcmss.fd.
Latexmk: Missing input file 'TS1cmsmf.fd' (or dependence on it) from following:
  No file TS1cmsmf.fd.
Latexmk: Missing input file 'TS1xcmss.fd' (or dependence on it) from following:
  No file TS1xcmss.fd.
Latexmk: Missing input file 'TS1cmsmf.fd' (or dependence on it) from following:
  No file TS1cmsmf.fd.
Latexmk: Missing input file 'TS1xcmss.fd' (or dependence on it) from following:
  No file TS1xcmss.fd.
Latexmk: Missing input file 'TS1cmsmf.fd' (or dependence on it) from following:
  No file TS1cmsmf.fd.
Latexmk: Missing input file 'TS1xcmss.fd' (or dependence on it) from following:
  No file TS1xcmss.fd.
Latexmk: Missing input file 'TS1cmsmf.fd' (or dependence on it) from following:
  No file TS1cmsmf.fd.
Latexmk: Missing input file 'TS1xcmss.fd' (or dependence on it) from following:
  No file TS1xcmss.fd.
Latexmk: Missing input file 'TS1cmsmf.fd' (or dependence on it) from following:
  No file TS1cmsmf.fd.
Latexmk: Missing input file 'TS1xcmss.fd' (or dependence on it) from following:
  No file TS1xcmss.fd.
Latexmk: Missing input file 'TS1cmsmf.fd' (or dependence on it) from following:
  No file TS1cmsmf.fd.
Latexmk: Missing input file 'TS1xcmss.fd' (or dependence on it) from following:
  No file TS1xcmss.fd.
Latexmk: Missing input file 'TS1cmsmf.fd' (or dependence on it) from following:
  No file TS1cmsmf.fd.
Latexmk: Missing input file 'TS1xcmss.fd' (or dependence on it) from following:
  No file TS1xcmss.fd.
Latexmk: Missing input file 'TS1cmsmf.fd' (or dependence on it) from following:
  No file TS1cmsmf.fd.
Latexmk: Missing input file 'TS1xcmss.fd' (or dependence on it) from following:
  No file TS1xcmss.fd.
Latexmk: Missing input file 'TS1cmsmf.fd' (or dependence on it) from following:
  No file TS1cmsmf.fd.
Latexmk: Missing input file 'TS1xcmss.fd' (or dependence on it) from following:
  No file TS1xcmss.fd.
Latexmk: Missing input file 'TS1cmsmf.fd' (or dependence on it) from following:
  No file TS1cmsmf.fd.
Latexmk: Missing input file 'TS1xcmss.fd' (or dependence on it) from following:
  No file TS1xcmss.fd.
Latexmk: Missing input file 'TS1cmsmf.fd' (or dependence on it) from following:
  No file TS1cmsmf.fd.
Latexmk: Missing input file 'TS1xcmss.fd' (or dependence on it) from following:
  No file TS1xcmss.fd.
Latexmk: Missing input file 'TS1cmsmf.fd' (or dependence on it) from following:
  No file TS1cmsmf.fd.
Latexmk: Missing input file 'TS1xcmss.fd' (or dependence on it) from following:
  No file TS1xcmss.fd.
Latexmk: Missing input file 'TS1cmsmf.fd' (or dependence on it) from following:
  No file TS1cmsmf.fd.
Latexmk: Missing input file 'TS1xcmss.fd' (or dependence on it) from following:
  No file TS1xcmss.fd.
Latexmk: Missing input file 'TS1cmsmf.fd' (or dependence on it) from following:
  No file TS1cmsmf.fd.
Latexmk: Missing input file 'TS1xcmss.fd' (or dependence on it) from following:
  No file TS1xcmss.fd.
Latexmk: Missing input file 'TS1cmsmf.fd' (or dependence on it) from following:
  No file TS1cmsmf.fd.
Latexmk: Missing input file 'TS1xcmss.fd' (or dependence on it) from following:
  No file TS1xcmss.fd.
Latexmk: Missing input file 'TS1cmsmf.fd' (or dependence on it) from following:
  No file TS1cmsmf.fd.
Latexmk: Missing bbl file '.setup/latex/pdf/manCTMed-manuscript.bbl' in following:
 No file manCTMed-manuscript.bbl.
Latexmk: Missing input file '.setup/latex/figures/png/fig-vignettes-sampling-distribution-direct-1-1.png' (or dependence on it) from following:
  LaTeX Warning: File `.setup/latex/figures/png/fig-vignettes-sampling-distribution-direct-1-1.png' not found on input line 717.
Latexmk: Missing input file '.setup/latex/figures/png/fig-vignettes-sampling-distribution-indirect-1-1.png' (or dependence on it) from following:
  LaTeX Warning: File `.setup/latex/figures/png/fig-vignettes-sampling-distribution-indirect-1-1.png' not found on input line 723.
Latexmk: Missing input file '.setup/latex/figures/png/fig-vignettes-sampling-distribution-total-1-1.png' (or dependence on it) from following:
  LaTeX Warning: File `.setup/latex/figures/png/fig-vignettes-sampling-distribution-total-1-1.png' not found on input line 729.
Latexmk: Missing input file '.setup/latex/figures/png/fig-vignettes-sampling-distribution-std-direct-1-1.png' (or dependence on it) from following:
  LaTeX Warning: File `.setup/latex/figures/png/fig-vignettes-sampling-distribution-std-direct-1-1.png' not found on input line 737.
Latexmk: Missing input file '.setup/latex/figures/png/fig-vignettes-sampling-distribution-std-indirect-1-1.png' (or dependence on it) from following:
  LaTeX Warning: File `.setup/latex/figures/png/fig-vignettes-sampling-distribution-std-indirect-1-1.png' not found on input line 743.
Latexmk: Missing input file '.setup/latex/figures/png/fig-vignettes-sampling-distribution-std-total-1-1.png' (or dependence on it) from following:
  LaTeX Warning: File `.setup/latex/figures/png/fig-vignettes-sampling-distribution-std-total-1-1.png' not found on input line 749.
Latexmk: Missing input file '.setup/latex/figures/png/fig-vignettes-scatter-plots-zero-effects-1.png' (or dependence on it) from following:
  LaTeX Warning: File `.setup/latex/figures/png/fig-vignettes-scatter-plots-zero-effects-1.png' not found on input line 757.
Latexmk: Missing input file '.setup/latex/figures/png/fig-vignettes-scatter-plots-pos-effects-1.png' (or dependence on it) from following:
  LaTeX Warning: File `.setup/latex/figures/png/fig-vignettes-scatter-plots-pos-effects-1.png' not found on input line 764.
Latexmk: Missing input file '.setup/latex/figures/png/fig-vignettes-scatter-plots-neg-effects-1.png' (or dependence on it) from following:
  LaTeX Warning: File `.setup/latex/figures/png/fig-vignettes-scatter-plots-neg-effects-1.png' not found on input line 771.
Latexmk: Missing input file '.setup/latex/figures/png/fig-vignettes-example-3-xmy-direct-std-delta-133-1.png' (or dependence on it) from following:
  LaTeX Warning: File `.setup/latex/figures/png/fig-vignettes-example-3-xmy-direct-std-delta-133-1.png' not found on input line 934.
Latexmk: Missing input file '.setup/latex/figures/png/fig-vignettes-example-3-xmy-indirect-std-delta-133-1.png' (or dependence on it) from following:
  LaTeX Warning: File `.setup/latex/figures/png/fig-vignettes-example-3-xmy-indirect-std-delta-133-1.png' not found on input line 939.
Latexmk: Missing input file '.setup/latex/figures/png/fig-vignettes-example-3-xmy-total-std-delta-133-1.png' (or dependence on it) from following:
  LaTeX Warning: File `.setup/latex/figures/png/fig-vignettes-example-3-xmy-total-std-delta-133-1.png' not found on input line 944.
Latexmk: Missing input file '.setup/latex/figures/png/fig-vignettes-example-3-xmy-direct-std-mc-133-1.png' (or dependence on it) from following:
  LaTeX Warning: File `.setup/latex/figures/png/fig-vignettes-example-3-xmy-direct-std-mc-133-1.png' not found on input line 951.
Latexmk: Missing input file '.setup/latex/figures/png/fig-vignettes-example-3-xmy-indirect-std-mc-133-1.png' (or dependence on it) from following:
  LaTeX Warning: File `.setup/latex/figures/png/fig-vignettes-example-3-xmy-indirect-std-mc-133-1.png' not found on input line 956.
Latexmk: Missing input file '.setup/latex/figures/png/fig-vignettes-example-3-xmy-total-std-mc-133-1.png' (or dependence on it) from following:
  LaTeX Warning: File `.setup/latex/figures/png/fig-vignettes-example-3-xmy-total-std-mc-133-1.png' not found on input line 961.
Latexmk: Missing input file '.setup/latex/figures/png/fig-vignettes-example-3-xmy-direct-std-pb-pc-133-1.png' (or dependence on it) from following:
  LaTeX Warning: File `.setup/latex/figures/png/fig-vignettes-example-3-xmy-direct-std-pb-pc-133-1.png' not found on input line 968.
Latexmk: Missing input file '.setup/latex/figures/png/fig-vignettes-example-3-xmy-indirect-std-pb-pc-133-1.png' (or dependence on it) from following:
  LaTeX Warning: File `.setup/latex/figures/png/fig-vignettes-example-3-xmy-indirect-std-pb-pc-133-1.png' not found on input line 973.
Latexmk: Missing input file '.setup/latex/figures/png/fig-vignettes-example-3-xmy-total-std-pb-pc-133-1.png' (or dependence on it) from following:
  LaTeX Warning: File `.setup/latex/figures/png/fig-vignettes-example-3-xmy-total-std-pb-pc-133-1.png' not found on input line 978.
Latexmk: Missing input file '.setup/latex/figures/png/fig-vignettes-example-3-xmy-direct-std-pb-bc-133-1.png' (or dependence on it) from following:
  LaTeX Warning: File `.setup/latex/figures/png/fig-vignettes-example-3-xmy-direct-std-pb-bc-133-1.png' not found on input line 985.
Latexmk: Missing input file '.setup/latex/figures/png/fig-vignettes-example-3-xmy-indirect-std-pb-bc-133-1.png' (or dependence on it) from following:
  LaTeX Warning: File `.setup/latex/figures/png/fig-vignettes-example-3-xmy-indirect-std-pb-bc-133-1.png' not found on input line 990.
Latexmk: Missing input file '.setup/latex/figures/png/fig-vignettes-example-3-xmy-total-std-pb-bc-133-1.png' (or dependence on it) from following:
  LaTeX Warning: File `.setup/latex/figures/png/fig-vignettes-example-3-xmy-total-std-pb-bc-133-1.png' not found on input line 995.
Latexmk: Missing input file '.setup/latex/figures/png/fig-vignettes-scatter-plots-illustration-coverage-1.png' (or dependence on it) from following:
  LaTeX Warning: File `.setup/latex/figures/png/fig-vignettes-scatter-plots-illustration-coverage-1.png' not found on input line 1019.
Latexmk: Missing input file '.setup/latex/figures/png/fig-vignettes-scatter-plots-illustration-power-1.png' (or dependence on it) from following:
  LaTeX Warning: File `.setup/latex/figures/png/fig-vignettes-scatter-plots-illustration-power-1.png' not found on input line 1026.
Latexmk: Missing input file '.setup/latex/figures/png/fig-vignettes-sampling-distribution-direct-1-1.png' (or dependence on it) from following:
  LaTeX Warning: File `.setup/latex/figures/png/fig-vignettes-sampling-distribution-direct-1-1.png' not found on input line 717.
Latexmk: Missing input file '.setup/latex/figures/png/fig-vignettes-sampling-distribution-indirect-1-1.png' (or dependence on it) from following:
  LaTeX Warning: File `.setup/latex/figures/png/fig-vignettes-sampling-distribution-indirect-1-1.png' not found on input line 723.
Latexmk: Missing input file '.setup/latex/figures/png/fig-vignettes-sampling-distribution-total-1-1.png' (or dependence on it) from following:
  LaTeX Warning: File `.setup/latex/figures/png/fig-vignettes-sampling-distribution-total-1-1.png' not found on input line 729.
Latexmk: Missing input file '.setup/latex/figures/png/fig-vignettes-sampling-distribution-std-direct-1-1.png' (or dependence on it) from following:
  LaTeX Warning: File `.setup/latex/figures/png/fig-vignettes-sampling-distribution-std-direct-1-1.png' not found on input line 737.
Latexmk: Missing input file '.setup/latex/figures/png/fig-vignettes-sampling-distribution-std-indirect-1-1.png' (or dependence on it) from following:
  LaTeX Warning: File `.setup/latex/figures/png/fig-vignettes-sampling-distribution-std-indirect-1-1.png' not found on input line 743.
Latexmk: Missing input file '.setup/latex/figures/png/fig-vignettes-sampling-distribution-std-total-1-1.png' (or dependence on it) from following:
  LaTeX Warning: File `.setup/latex/figures/png/fig-vignettes-sampling-distribution-std-total-1-1.png' not found on input line 749.
Latexmk: Missing input file '.setup/latex/figures/png/fig-vignettes-scatter-plots-zero-effects-1.png' (or dependence on it) from following:
  LaTeX Warning: File `.setup/latex/figures/png/fig-vignettes-scatter-plots-zero-effects-1.png' not found on input line 757.
Latexmk: Missing input file '.setup/latex/figures/png/fig-vignettes-scatter-plots-pos-effects-1.png' (or dependence on it) from following:
  LaTeX Warning: File `.setup/latex/figures/png/fig-vignettes-scatter-plots-pos-effects-1.png' not found on input line 764.
Latexmk: Missing input file '.setup/latex/figures/png/fig-vignettes-scatter-plots-neg-effects-1.png' (or dependence on it) from following:
  LaTeX Warning: File `.setup/latex/figures/png/fig-vignettes-scatter-plots-neg-effects-1.png' not found on input line 771.
Latexmk: Missing input file '.setup/latex/figures/png/fig-vignettes-example-3-xmy-direct-std-delta-133-1.png' (or dependence on it) from following:
  LaTeX Warning: File `.setup/latex/figures/png/fig-vignettes-example-3-xmy-direct-std-delta-133-1.png' not found on input line 934.
Latexmk: Missing input file '.setup/latex/figures/png/fig-vignettes-example-3-xmy-indirect-std-delta-133-1.png' (or dependence on it) from following:
  LaTeX Warning: File `.setup/latex/figures/png/fig-vignettes-example-3-xmy-indirect-std-delta-133-1.png' not found on input line 939.
Latexmk: Missing input file '.setup/latex/figures/png/fig-vignettes-example-3-xmy-total-std-delta-133-1.png' (or dependence on it) from following:
  LaTeX Warning: File `.setup/latex/figures/png/fig-vignettes-example-3-xmy-total-std-delta-133-1.png' not found on input line 944.
Latexmk: Missing input file '.setup/latex/figures/png/fig-vignettes-example-3-xmy-direct-std-mc-133-1.png' (or dependence on it) from following:
  LaTeX Warning: File `.setup/latex/figures/png/fig-vignettes-example-3-xmy-direct-std-mc-133-1.png' not found on input line 951.
Latexmk: Missing input file '.setup/latex/figures/png/fig-vignettes-example-3-xmy-indirect-std-mc-133-1.png' (or dependence on it) from following:
  LaTeX Warning: File `.setup/latex/figures/png/fig-vignettes-example-3-xmy-indirect-std-mc-133-1.png' not found on input line 956.
Latexmk: Missing input file '.setup/latex/figures/png/fig-vignettes-example-3-xmy-total-std-mc-133-1.png' (or dependence on it) from following:
  LaTeX Warning: File `.setup/latex/figures/png/fig-vignettes-example-3-xmy-total-std-mc-133-1.png' not found on input line 961.
Latexmk: Missing input file '.setup/latex/figures/png/fig-vignettes-example-3-xmy-direct-std-pb-pc-133-1.png' (or dependence on it) from following:
  LaTeX Warning: File `.setup/latex/figures/png/fig-vignettes-example-3-xmy-direct-std-pb-pc-133-1.png' not found on input line 968.
Latexmk: Missing input file '.setup/latex/figures/png/fig-vignettes-example-3-xmy-indirect-std-pb-pc-133-1.png' (or dependence on it) from following:
  LaTeX Warning: File `.setup/latex/figures/png/fig-vignettes-example-3-xmy-indirect-std-pb-pc-133-1.png' not found on input line 973.
Latexmk: Missing input file '.setup/latex/figures/png/fig-vignettes-example-3-xmy-total-std-pb-pc-133-1.png' (or dependence on it) from following:
  LaTeX Warning: File `.setup/latex/figures/png/fig-vignettes-example-3-xmy-total-std-pb-pc-133-1.png' not found on input line 978.
Latexmk: Missing input file '.setup/latex/figures/png/fig-vignettes-example-3-xmy-direct-std-pb-bc-133-1.png' (or dependence on it) from following:
  LaTeX Warning: File `.setup/latex/figures/png/fig-vignettes-example-3-xmy-direct-std-pb-bc-133-1.png' not found on input line 985.
Latexmk: Missing input file '.setup/latex/figures/png/fig-vignettes-example-3-xmy-indirect-std-pb-bc-133-1.png' (or dependence on it) from following:
  LaTeX Warning: File `.setup/latex/figures/png/fig-vignettes-example-3-xmy-indirect-std-pb-bc-133-1.png' not found on input line 990.
Latexmk: Missing input file '.setup/latex/figures/png/fig-vignettes-example-3-xmy-total-std-pb-bc-133-1.png' (or dependence on it) from following:
  LaTeX Warning: File `.setup/latex/figures/png/fig-vignettes-example-3-xmy-total-std-pb-bc-133-1.png' not found on input line 995.
Latexmk: Missing input file '.setup/latex/figures/png/fig-vignettes-scatter-plots-illustration-coverage-1.png' (or dependence on it) from following:
  LaTeX Warning: File `.setup/latex/figures/png/fig-vignettes-scatter-plots-illustration-coverage-1.png' not found on input line 1019.
Latexmk: Missing input file '.setup/latex/figures/png/fig-vignettes-scatter-plots-illustration-power-1.png' (or dependence on it) from following:
  LaTeX Warning: File `.setup/latex/figures/png/fig-vignettes-scatter-plots-illustration-power-1.png' not found on input line 1026.
Latexmk: Missing input file '.setup/latex/figures/png/fig-vignettes-sampling-distribution-direct-1-1.png' (or dependence on it) from following:
  LaTeX Warning: File `.setup/latex/figures/png/fig-vignettes-sampling-distribution-direct-1-1.png' not found on input line 717.
Latexmk: Missing input file '.setup/latex/figures/png/fig-vignettes-sampling-distribution-indirect-1-1.png' (or dependence on it) from following:
  LaTeX Warning: File `.setup/latex/figures/png/fig-vignettes-sampling-distribution-indirect-1-1.png' not found on input line 723.
Latexmk: Missing input file '.setup/latex/figures/png/fig-vignettes-sampling-distribution-total-1-1.png' (or dependence on it) from following:
  LaTeX Warning: File `.setup/latex/figures/png/fig-vignettes-sampling-distribution-total-1-1.png' not found on input line 729.
Latexmk: Missing input file '.setup/latex/figures/png/fig-vignettes-sampling-distribution-std-direct-1-1.png' (or dependence on it) from following:
  LaTeX Warning: File `.setup/latex/figures/png/fig-vignettes-sampling-distribution-std-direct-1-1.png' not found on input line 737.
Latexmk: Missing input file '.setup/latex/figures/png/fig-vignettes-sampling-distribution-std-indirect-1-1.png' (or dependence on it) from following:
  LaTeX Warning: File `.setup/latex/figures/png/fig-vignettes-sampling-distribution-std-indirect-1-1.png' not found on input line 743.
Latexmk: Missing input file '.setup/latex/figures/png/fig-vignettes-sampling-distribution-std-total-1-1.png' (or dependence on it) from following:
  LaTeX Warning: File `.setup/latex/figures/png/fig-vignettes-sampling-distribution-std-total-1-1.png' not found on input line 749.
Latexmk: Missing input file '.setup/latex/figures/png/fig-vignettes-scatter-plots-zero-effects-1.png' (or dependence on it) from following:
  LaTeX Warning: File `.setup/latex/figures/png/fig-vignettes-scatter-plots-zero-effects-1.png' not found on input line 757.
Latexmk: Missing input file '.setup/latex/figures/png/fig-vignettes-scatter-plots-pos-effects-1.png' (or dependence on it) from following:
  LaTeX Warning: File `.setup/latex/figures/png/fig-vignettes-scatter-plots-pos-effects-1.png' not found on input line 764.
Latexmk: Missing input file '.setup/latex/figures/png/fig-vignettes-scatter-plots-neg-effects-1.png' (or dependence on it) from following:
  LaTeX Warning: File `.setup/latex/figures/png/fig-vignettes-scatter-plots-neg-effects-1.png' not found on input line 771.
Latexmk: Missing input file '.setup/latex/figures/png/fig-vignettes-example-3-xmy-direct-std-delta-133-1.png' (or dependence on it) from following:
  LaTeX Warning: File `.setup/latex/figures/png/fig-vignettes-example-3-xmy-direct-std-delta-133-1.png' not found on input line 934.
Latexmk: Missing input file '.setup/latex/figures/png/fig-vignettes-example-3-xmy-indirect-std-delta-133-1.png' (or dependence on it) from following:
  LaTeX Warning: File `.setup/latex/figures/png/fig-vignettes-example-3-xmy-indirect-std-delta-133-1.png' not found on input line 939.
Latexmk: Missing input file '.setup/latex/figures/png/fig-vignettes-example-3-xmy-total-std-delta-133-1.png' (or dependence on it) from following:
  LaTeX Warning: File `.setup/latex/figures/png/fig-vignettes-example-3-xmy-total-std-delta-133-1.png' not found on input line 944.
Latexmk: Missing input file '.setup/latex/figures/png/fig-vignettes-example-3-xmy-direct-std-mc-133-1.png' (or dependence on it) from following:
  LaTeX Warning: File `.setup/latex/figures/png/fig-vignettes-example-3-xmy-direct-std-mc-133-1.png' not found on input line 951.
Latexmk: Missing input file '.setup/latex/figures/png/fig-vignettes-example-3-xmy-indirect-std-mc-133-1.png' (or dependence on it) from following:
  LaTeX Warning: File `.setup/latex/figures/png/fig-vignettes-example-3-xmy-indirect-std-mc-133-1.png' not found on input line 956.
Latexmk: Missing input file '.setup/latex/figures/png/fig-vignettes-example-3-xmy-total-std-mc-133-1.png' (or dependence on it) from following:
  LaTeX Warning: File `.setup/latex/figures/png/fig-vignettes-example-3-xmy-total-std-mc-133-1.png' not found on input line 961.
Latexmk: Missing input file '.setup/latex/figures/png/fig-vignettes-example-3-xmy-direct-std-pb-pc-133-1.png' (or dependence on it) from following:
  LaTeX Warning: File `.setup/latex/figures/png/fig-vignettes-example-3-xmy-direct-std-pb-pc-133-1.png' not found on input line 968.
Latexmk: Missing input file '.setup/latex/figures/png/fig-vignettes-example-3-xmy-indirect-std-pb-pc-133-1.png' (or dependence on it) from following:
  LaTeX Warning: File `.setup/latex/figures/png/fig-vignettes-example-3-xmy-indirect-std-pb-pc-133-1.png' not found on input line 973.
Latexmk: Missing input file '.setup/latex/figures/png/fig-vignettes-example-3-xmy-total-std-pb-pc-133-1.png' (or dependence on it) from following:
  LaTeX Warning: File `.setup/latex/figures/png/fig-vignettes-example-3-xmy-total-std-pb-pc-133-1.png' not found on input line 978.
Latexmk: Missing input file '.setup/latex/figures/png/fig-vignettes-example-3-xmy-direct-std-pb-bc-133-1.png' (or dependence on it) from following:
  LaTeX Warning: File `.setup/latex/figures/png/fig-vignettes-example-3-xmy-direct-std-pb-bc-133-1.png' not found on input line 985.
Latexmk: Missing input file '.setup/latex/figures/png/fig-vignettes-example-3-xmy-indirect-std-pb-bc-133-1.png' (or dependence on it) from following:
  LaTeX Warning: File `.setup/latex/figures/png/fig-vignettes-example-3-xmy-indirect-std-pb-bc-133-1.png' not found on input line 990.
Latexmk: Missing input file '.setup/latex/figures/png/fig-vignettes-example-3-xmy-total-std-pb-bc-133-1.png' (or dependence on it) from following:
  LaTeX Warning: File `.setup/latex/figures/png/fig-vignettes-example-3-xmy-total-std-pb-bc-133-1.png' not found on input line 995.
Latexmk: Missing input file '.setup/latex/figures/png/fig-vignettes-scatter-plots-illustration-coverage-1.png' (or dependence on it) from following:
  LaTeX Warning: File `.setup/latex/figures/png/fig-vignettes-scatter-plots-illustration-coverage-1.png' not found on input line 1019.
Latexmk: Missing input file '.setup/latex/figures/png/fig-vignettes-scatter-plots-illustration-power-1.png' (or dependence on it) from following:
  LaTeX Warning: File `.setup/latex/figures/png/fig-vignettes-scatter-plots-illustration-power-1.png' not found on input line 1026.
Latexmk: Missing input file '.setup/latex/figures/png/fig-vignettes-sampling-distribution-direct-1-1.png' (or dependence on it) from following:
  LaTeX Warning: File `.setup/latex/figures/png/fig-vignettes-sampling-distribution-direct-1-1.png' not found on input line 717.
Latexmk: Missing input file '.setup/latex/figures/png/fig-vignettes-sampling-distribution-indirect-1-1.png' (or dependence on it) from following:
  LaTeX Warning: File `.setup/latex/figures/png/fig-vignettes-sampling-distribution-indirect-1-1.png' not found on input line 723.
Latexmk: Missing input file '.setup/latex/figures/png/fig-vignettes-sampling-distribution-total-1-1.png' (or dependence on it) from following:
  LaTeX Warning: File `.setup/latex/figures/png/fig-vignettes-sampling-distribution-total-1-1.png' not found on input line 729.
Latexmk: Missing input file '.setup/latex/figures/png/fig-vignettes-sampling-distribution-std-direct-1-1.png' (or dependence on it) from following:
  LaTeX Warning: File `.setup/latex/figures/png/fig-vignettes-sampling-distribution-std-direct-1-1.png' not found on input line 737.
Latexmk: Missing input file '.setup/latex/figures/png/fig-vignettes-sampling-distribution-std-indirect-1-1.png' (or dependence on it) from following:
  LaTeX Warning: File `.setup/latex/figures/png/fig-vignettes-sampling-distribution-std-indirect-1-1.png' not found on input line 743.
Latexmk: Missing input file '.setup/latex/figures/png/fig-vignettes-sampling-distribution-std-total-1-1.png' (or dependence on it) from following:
  LaTeX Warning: File `.setup/latex/figures/png/fig-vignettes-sampling-distribution-std-total-1-1.png' not found on input line 749.
Latexmk: Missing input file '.setup/latex/figures/png/fig-vignettes-scatter-plots-zero-effects-1.png' (or dependence on it) from following:
  LaTeX Warning: File `.setup/latex/figures/png/fig-vignettes-scatter-plots-zero-effects-1.png' not found on input line 757.
Latexmk: Missing input file '.setup/latex/figures/png/fig-vignettes-scatter-plots-pos-effects-1.png' (or dependence on it) from following:
  LaTeX Warning: File `.setup/latex/figures/png/fig-vignettes-scatter-plots-pos-effects-1.png' not found on input line 764.
Latexmk: Missing input file '.setup/latex/figures/png/fig-vignettes-scatter-plots-neg-effects-1.png' (or dependence on it) from following:
  LaTeX Warning: File `.setup/latex/figures/png/fig-vignettes-scatter-plots-neg-effects-1.png' not found on input line 771.
Latexmk: Missing input file '.setup/latex/figures/png/fig-vignettes-example-3-xmy-direct-std-delta-133-1.png' (or dependence on it) from following:
  LaTeX Warning: File `.setup/latex/figures/png/fig-vignettes-example-3-xmy-direct-std-delta-133-1.png' not found on input line 934.
Latexmk: Missing input file '.setup/latex/figures/png/fig-vignettes-example-3-xmy-indirect-std-delta-133-1.png' (or dependence on it) from following:
  LaTeX Warning: File `.setup/latex/figures/png/fig-vignettes-example-3-xmy-indirect-std-delta-133-1.png' not found on input line 939.
Latexmk: Missing input file '.setup/latex/figures/png/fig-vignettes-example-3-xmy-total-std-delta-133-1.png' (or dependence on it) from following:
  LaTeX Warning: File `.setup/latex/figures/png/fig-vignettes-example-3-xmy-total-std-delta-133-1.png' not found on input line 944.
Latexmk: Missing input file '.setup/latex/figures/png/fig-vignettes-example-3-xmy-direct-std-mc-133-1.png' (or dependence on it) from following:
  LaTeX Warning: File `.setup/latex/figures/png/fig-vignettes-example-3-xmy-direct-std-mc-133-1.png' not found on input line 951.
Latexmk: Missing input file '.setup/latex/figures/png/fig-vignettes-example-3-xmy-indirect-std-mc-133-1.png' (or dependence on it) from following:
  LaTeX Warning: File `.setup/latex/figures/png/fig-vignettes-example-3-xmy-indirect-std-mc-133-1.png' not found on input line 956.
Latexmk: Missing input file '.setup/latex/figures/png/fig-vignettes-example-3-xmy-total-std-mc-133-1.png' (or dependence on it) from following:
  LaTeX Warning: File `.setup/latex/figures/png/fig-vignettes-example-3-xmy-total-std-mc-133-1.png' not found on input line 961.
Latexmk: Missing input file '.setup/latex/figures/png/fig-vignettes-example-3-xmy-direct-std-pb-pc-133-1.png' (or dependence on it) from following:
  LaTeX Warning: File `.setup/latex/figures/png/fig-vignettes-example-3-xmy-direct-std-pb-pc-133-1.png' not found on input line 968.
Latexmk: Missing input file '.setup/latex/figures/png/fig-vignettes-example-3-xmy-indirect-std-pb-pc-133-1.png' (or dependence on it) from following:
  LaTeX Warning: File `.setup/latex/figures/png/fig-vignettes-example-3-xmy-indirect-std-pb-pc-133-1.png' not found on input line 973.
Latexmk: Missing input file '.setup/latex/figures/png/fig-vignettes-example-3-xmy-total-std-pb-pc-133-1.png' (or dependence on it) from following:
  LaTeX Warning: File `.setup/latex/figures/png/fig-vignettes-example-3-xmy-total-std-pb-pc-133-1.png' not found on input line 978.
Latexmk: Missing input file '.setup/latex/figures/png/fig-vignettes-example-3-xmy-direct-std-pb-bc-133-1.png' (or dependence on it) from following:
  LaTeX Warning: File `.setup/latex/figures/png/fig-vignettes-example-3-xmy-direct-std-pb-bc-133-1.png' not found on input line 985.
Latexmk: Missing input file '.setup/latex/figures/png/fig-vignettes-example-3-xmy-indirect-std-pb-bc-133-1.png' (or dependence on it) from following:
  LaTeX Warning: File `.setup/latex/figures/png/fig-vignettes-example-3-xmy-indirect-std-pb-bc-133-1.png' not found on input line 990.
Latexmk: Missing input file '.setup/latex/figures/png/fig-vignettes-example-3-xmy-total-std-pb-bc-133-1.png' (or dependence on it) from following:
  LaTeX Warning: File `.setup/latex/figures/png/fig-vignettes-example-3-xmy-total-std-pb-bc-133-1.png' not found on input line 995.
Latexmk: Missing input file '.setup/latex/figures/png/fig-vignettes-scatter-plots-illustration-coverage-1.png' (or dependence on it) from following:
  LaTeX Warning: File `.setup/latex/figures/png/fig-vignettes-scatter-plots-illustration-coverage-1.png' not found on input line 1019.
Latexmk: Missing input file '.setup/latex/figures/png/fig-vignettes-scatter-plots-illustration-power-1.png' (or dependence on it) from following:
  LaTeX Warning: File `.setup/latex/figures/png/fig-vignettes-scatter-plots-illustration-power-1.png' not found on input line 1026.
Latexmk: Missing bbl file '.setup/latex/pdf/manCTMed-supplement.bbl' in following:
 No file manCTMed-supplement.bbl.
Latexmk: Missing input file 'manCTMed-supplement.lof' (or dependence on it) from following:
  No file manCTMed-supplement.lof.
Latexmk: Missing input file '.setup/latex/figures/png/fig-vignettes-example-3-xmy-direct-delta-133-1.png' (or dependence on it) from following:
  LaTeX Warning: File `.setup/latex/figures/png/fig-vignettes-example-3-xmy-direct-delta-133-1.png' not found on input line 5.
Latexmk: Missing input file '.setup/latex/figures/png/fig-vignettes-example-3-xmy-indirect-delta-133-1.png' (or dependence on it) from following:
  LaTeX Warning: File `.setup/latex/figures/png/fig-vignettes-example-3-xmy-indirect-delta-133-1.png' not found on input line 10.
Latexmk: Missing input file '.setup/latex/figures/png/fig-vignettes-example-3-xmy-total-delta-133-1.png' (or dependence on it) from following:
  LaTeX Warning: File `.setup/latex/figures/png/fig-vignettes-example-3-xmy-total-delta-133-1.png' not found on input line 15.
Latexmk: Missing input file '.setup/latex/figures/png/fig-vignettes-example-3-xmy-direct-mc-133-1.png' (or dependence on it) from following:
  LaTeX Warning: File `.setup/latex/figures/png/fig-vignettes-example-3-xmy-direct-mc-133-1.png' not found on input line 22.
Latexmk: Missing input file '.setup/latex/figures/png/fig-vignettes-example-3-xmy-indirect-mc-133-1.png' (or dependence on it) from following:
  LaTeX Warning: File `.setup/latex/figures/png/fig-vignettes-example-3-xmy-indirect-mc-133-1.png' not found on input line 27.
Latexmk: Missing input file '.setup/latex/figures/png/fig-vignettes-example-3-xmy-total-mc-133-1.png' (or dependence on it) from following:
  LaTeX Warning: File `.setup/latex/figures/png/fig-vignettes-example-3-xmy-total-mc-133-1.png' not found on input line 32.
Latexmk: Missing input file '.setup/latex/figures/png/fig-vignettes-example-3-xmy-direct-pb-pc-133-1.png' (or dependence on it) from following:
  LaTeX Warning: File `.setup/latex/figures/png/fig-vignettes-example-3-xmy-direct-pb-pc-133-1.png' not found on input line 39.
Latexmk: Missing input file '.setup/latex/figures/png/fig-vignettes-example-3-xmy-indirect-pb-pc-133-1.png' (or dependence on it) from following:
  LaTeX Warning: File `.setup/latex/figures/png/fig-vignettes-example-3-xmy-indirect-pb-pc-133-1.png' not found on input line 44.
Latexmk: Missing input file '.setup/latex/figures/png/fig-vignettes-example-3-xmy-total-pb-pc-133-1.png' (or dependence on it) from following:
  LaTeX Warning: File `.setup/latex/figures/png/fig-vignettes-example-3-xmy-total-pb-pc-133-1.png' not found on input line 49.
Latexmk: Missing input file '.setup/latex/figures/png/fig-vignettes-example-3-xmy-direct-pb-bc-133-1.png' (or dependence on it) from following:
  LaTeX Warning: File `.setup/latex/figures/png/fig-vignettes-example-3-xmy-direct-pb-bc-133-1.png' not found on input line 56.
Latexmk: Missing input file '.setup/latex/figures/png/fig-vignettes-example-3-xmy-indirect-pb-bc-133-1.png' (or dependence on it) from following:
  LaTeX Warning: File `.setup/latex/figures/png/fig-vignettes-example-3-xmy-indirect-pb-bc-133-1.png' not found on input line 61.
Latexmk: Missing input file '.setup/latex/figures/png/fig-vignettes-example-3-xmy-total-pb-bc-133-1.png' (or dependence on it) from following:
  LaTeX Warning: File `.setup/latex/figures/png/fig-vignettes-example-3-xmy-total-pb-bc-133-1.png' not found on input line 66.
Latexmk: Missing input file '.setup/latex/figures/png/fig-vignettes-example-3-xmy-direct-std-delta-133-1.png' (or dependence on it) from following:
  LaTeX Warning: File `.setup/latex/figures/png/fig-vignettes-example-3-xmy-direct-std-delta-133-1.png' not found on input line 78.
Latexmk: Missing input file '.setup/latex/figures/png/fig-vignettes-example-3-xmy-indirect-std-delta-133-1.png' (or dependence on it) from following:
  LaTeX Warning: File `.setup/latex/figures/png/fig-vignettes-example-3-xmy-indirect-std-delta-133-1.png' not found on input line 83.
Latexmk: Missing input file '.setup/latex/figures/png/fig-vignettes-example-3-xmy-total-std-delta-133-1.png' (or dependence on it) from following:
  LaTeX Warning: File `.setup/latex/figures/png/fig-vignettes-example-3-xmy-total-std-delta-133-1.png' not found on input line 88.
Latexmk: Missing input file '.setup/latex/figures/png/fig-vignettes-example-3-xmy-direct-std-mc-133-1.png' (or dependence on it) from following:
  LaTeX Warning: File `.setup/latex/figures/png/fig-vignettes-example-3-xmy-direct-std-mc-133-1.png' not found on input line 95.
Latexmk: Missing input file '.setup/latex/figures/png/fig-vignettes-example-3-xmy-indirect-std-mc-133-1.png' (or dependence on it) from following:
  LaTeX Warning: File `.setup/latex/figures/png/fig-vignettes-example-3-xmy-indirect-std-mc-133-1.png' not found on input line 100.
Latexmk: Missing input file '.setup/latex/figures/png/fig-vignettes-example-3-xmy-total-std-mc-133-1.png' (or dependence on it) from following:
  LaTeX Warning: File `.setup/latex/figures/png/fig-vignettes-example-3-xmy-total-std-mc-133-1.png' not found on input line 105.
Latexmk: Missing input file '.setup/latex/figures/png/fig-vignettes-example-3-xmy-direct-std-pb-pc-133-1.png' (or dependence on it) from following:
  LaTeX Warning: File `.setup/latex/figures/png/fig-vignettes-example-3-xmy-direct-std-pb-pc-133-1.png' not found on input line 112.
Latexmk: Missing input file '.setup/latex/figures/png/fig-vignettes-example-3-xmy-indirect-std-pb-pc-133-1.png' (or dependence on it) from following:
  LaTeX Warning: File `.setup/latex/figures/png/fig-vignettes-example-3-xmy-indirect-std-pb-pc-133-1.png' not found on input line 117.
Latexmk: Missing input file '.setup/latex/figures/png/fig-vignettes-example-3-xmy-total-std-pb-pc-133-1.png' (or dependence on it) from following:
  LaTeX Warning: File `.setup/latex/figures/png/fig-vignettes-example-3-xmy-total-std-pb-pc-133-1.png' not found on input line 122.
Latexmk: Missing input file '.setup/latex/figures/png/fig-vignettes-example-3-xmy-direct-std-pb-bc-133-1.png' (or dependence on it) from following:
  LaTeX Warning: File `.setup/latex/figures/png/fig-vignettes-example-3-xmy-direct-std-pb-bc-133-1.png' not found on input line 129.
Latexmk: Missing input file '.setup/latex/figures/png/fig-vignettes-example-3-xmy-indirect-std-pb-bc-133-1.png' (or dependence on it) from following:
  LaTeX Warning: File `.setup/latex/figures/png/fig-vignettes-example-3-xmy-indirect-std-pb-bc-133-1.png' not found on input line 134.
Latexmk: Missing input file '.setup/latex/figures/png/fig-vignettes-example-3-xmy-total-std-pb-bc-133-1.png' (or dependence on it) from following:
  LaTeX Warning: File `.setup/latex/figures/png/fig-vignettes-example-3-xmy-total-std-pb-bc-133-1.png' not found on input line 139.
Latexmk: Missing input file '.setup/latex/figures/png/fig-vignettes-scatter-plots-zero-coverage-1-25-1.png' (or dependence on it) from following:
  LaTeX Warning: File `.setup/latex/figures/png/fig-vignettes-scatter-plots-zero-coverage-1-25-1.png' not found on input line 150.
Latexmk: Missing input file '.setup/latex/figures/png/fig-vignettes-scatter-plots-zero-coverage-25-30-1.png' (or dependence on it) from following:
  LaTeX Warning: File `.setup/latex/figures/png/fig-vignettes-scatter-plots-zero-coverage-25-30-1.png' not found on input line 158.
Latexmk: Missing input file '.setup/latex/figures/png/fig-vignettes-scatter-plots-zero-power-1.png' (or dependence on it) from following:
  LaTeX Warning: File `.setup/latex/figures/png/fig-vignettes-scatter-plots-zero-power-1.png' not found on input line 166.
Latexmk: Missing input file '.setup/latex/figures/png/fig-vignettes-scatter-plots-zero-type1-1.png' (or dependence on it) from following:
  LaTeX Warning: File `.setup/latex/figures/png/fig-vignettes-scatter-plots-zero-type1-1.png' not found on input line 174.
Latexmk: Missing input file '.setup/latex/figures/png/fig-vignettes-scatter-plots-zero-coverage-std-1-25-1.png' (or dependence on it) from following:
  LaTeX Warning: File `.setup/latex/figures/png/fig-vignettes-scatter-plots-zero-coverage-std-1-25-1.png' not found on input line 182.
Latexmk: Missing input file '.setup/latex/figures/png/fig-vignettes-scatter-plots-zero-coverage-std-25-30-1.png' (or dependence on it) from following:
  LaTeX Warning: File `.setup/latex/figures/png/fig-vignettes-scatter-plots-zero-coverage-std-25-30-1.png' not found on input line 190.
Latexmk: Missing input file '.setup/latex/figures/png/fig-vignettes-scatter-plots-zero-power-std-1.png' (or dependence on it) from following:
  LaTeX Warning: File `.setup/latex/figures/png/fig-vignettes-scatter-plots-zero-power-std-1.png' not found on input line 198.
Latexmk: Missing input file '.setup/latex/figures/png/fig-vignettes-scatter-plots-zero-type1-std-1.png' (or dependence on it) from following:
  LaTeX Warning: File `.setup/latex/figures/png/fig-vignettes-scatter-plots-zero-type1-std-1.png' not found on input line 206.
Latexmk: Missing input file '.setup/latex/figures/png/fig-vignettes-scatter-plots-pos-coverage-1-25-1.png' (or dependence on it) from following:
  LaTeX Warning: File `.setup/latex/figures/png/fig-vignettes-scatter-plots-pos-coverage-1-25-1.png' not found on input line 214.
Latexmk: Missing input file '.setup/latex/figures/png/fig-vignettes-scatter-plots-pos-coverage-25-30-1.png' (or dependence on it) from following:
  LaTeX Warning: File `.setup/latex/figures/png/fig-vignettes-scatter-plots-pos-coverage-25-30-1.png' not found on input line 222.
Latexmk: Missing input file '.setup/latex/figures/png/fig-vignettes-scatter-plots-pos-power-1.png' (or dependence on it) from following:
  LaTeX Warning: File `.setup/latex/figures/png/fig-vignettes-scatter-plots-pos-power-1.png' not found on input line 230.
Latexmk: Missing input file '.setup/latex/figures/png/fig-vignettes-scatter-plots-pos-type1-1.png' (or dependence on it) from following:
  LaTeX Warning: File `.setup/latex/figures/png/fig-vignettes-scatter-plots-pos-type1-1.png' not found on input line 238.
Latexmk: Missing input file '.setup/latex/figures/png/fig-vignettes-scatter-plots-pos-coverage-std-1-25-1.png' (or dependence on it) from following:
  LaTeX Warning: File `.setup/latex/figures/png/fig-vignettes-scatter-plots-pos-coverage-std-1-25-1.png' not found on input line 246.
Latexmk: Missing input file '.setup/latex/figures/png/fig-vignettes-scatter-plots-pos-coverage-std-25-30-1.png' (or dependence on it) from following:
  LaTeX Warning: File `.setup/latex/figures/png/fig-vignettes-scatter-plots-pos-coverage-std-25-30-1.png' not found on input line 254.
Latexmk: Missing input file '.setup/latex/figures/png/fig-vignettes-scatter-plots-pos-power-std-1.png' (or dependence on it) from following:
  LaTeX Warning: File `.setup/latex/figures/png/fig-vignettes-scatter-plots-pos-power-std-1.png' not found on input line 262.
Latexmk: Missing input file '.setup/latex/figures/png/fig-vignettes-scatter-plots-pos-type1-std-1.png' (or dependence on it) from following:
  LaTeX Warning: File `.setup/latex/figures/png/fig-vignettes-scatter-plots-pos-type1-std-1.png' not found on input line 270.
Latexmk: Missing input file '.setup/latex/figures/png/fig-vignettes-scatter-plots-neg-coverage-1-25-1.png' (or dependence on it) from following:
  LaTeX Warning: File `.setup/latex/figures/png/fig-vignettes-scatter-plots-neg-coverage-1-25-1.png' not found on input line 278.
Latexmk: Missing input file '.setup/latex/figures/png/fig-vignettes-scatter-plots-neg-coverage-25-30-1.png' (or dependence on it) from following:
  LaTeX Warning: File `.setup/latex/figures/png/fig-vignettes-scatter-plots-neg-coverage-25-30-1.png' not found on input line 286.
Latexmk: Missing input file '.setup/latex/figures/png/fig-vignettes-scatter-plots-neg-power-1.png' (or dependence on it) from following:
  LaTeX Warning: File `.setup/latex/figures/png/fig-vignettes-scatter-plots-neg-power-1.png' not found on input line 294.
Latexmk: Missing input file '.setup/latex/figures/png/fig-vignettes-scatter-plots-neg-type1-1.png' (or dependence on it) from following:
  LaTeX Warning: File `.setup/latex/figures/png/fig-vignettes-scatter-plots-neg-type1-1.png' not found on input line 302.
Latexmk: Missing input file '.setup/latex/figures/png/fig-vignettes-scatter-plots-neg-coverage-std-1-25-1.png' (or dependence on it) from following:
  LaTeX Warning: File `.setup/latex/figures/png/fig-vignettes-scatter-plots-neg-coverage-std-1-25-1.png' not found on input line 310.
Latexmk: Missing input file '.setup/latex/figures/png/fig-vignettes-scatter-plots-neg-coverage-std-25-30-1.png' (or dependence on it) from following:
  LaTeX Warning: File `.setup/latex/figures/png/fig-vignettes-scatter-plots-neg-coverage-std-25-30-1.png' not found on input line 318.
Latexmk: Missing input file '.setup/latex/figures/png/fig-vignettes-scatter-plots-neg-power-std-1.png' (or dependence on it) from following:
  LaTeX Warning: File `.setup/latex/figures/png/fig-vignettes-scatter-plots-neg-power-std-1.png' not found on input line 326.
Latexmk: Missing input file '.setup/latex/figures/png/fig-vignettes-scatter-plots-neg-type1-std-1.png' (or dependence on it) from following:
  LaTeX Warning: File `.setup/latex/figures/png/fig-vignettes-scatter-plots-neg-type1-std-1.png' not found on input line 334.
Latexmk: Missing input file '.setup/latex/figures/png/fig-vignettes-example-3-xmy-direct-delta-133-1.png' (or dependence on it) from following:
  LaTeX Warning: File `.setup/latex/figures/png/fig-vignettes-example-3-xmy-direct-delta-133-1.png' not found on input line 5.
Latexmk: Missing input file '.setup/latex/figures/png/fig-vignettes-example-3-xmy-indirect-delta-133-1.png' (or dependence on it) from following:
  LaTeX Warning: File `.setup/latex/figures/png/fig-vignettes-example-3-xmy-indirect-delta-133-1.png' not found on input line 10.
Latexmk: Missing input file '.setup/latex/figures/png/fig-vignettes-example-3-xmy-total-delta-133-1.png' (or dependence on it) from following:
  LaTeX Warning: File `.setup/latex/figures/png/fig-vignettes-example-3-xmy-total-delta-133-1.png' not found on input line 15.
Latexmk: Missing input file '.setup/latex/figures/png/fig-vignettes-example-3-xmy-direct-mc-133-1.png' (or dependence on it) from following:
  LaTeX Warning: File `.setup/latex/figures/png/fig-vignettes-example-3-xmy-direct-mc-133-1.png' not found on input line 22.
Latexmk: Missing input file '.setup/latex/figures/png/fig-vignettes-example-3-xmy-indirect-mc-133-1.png' (or dependence on it) from following:
  LaTeX Warning: File `.setup/latex/figures/png/fig-vignettes-example-3-xmy-indirect-mc-133-1.png' not found on input line 27.
Latexmk: Missing input file '.setup/latex/figures/png/fig-vignettes-example-3-xmy-total-mc-133-1.png' (or dependence on it) from following:
  LaTeX Warning: File `.setup/latex/figures/png/fig-vignettes-example-3-xmy-total-mc-133-1.png' not found on input line 32.
Latexmk: Missing input file '.setup/latex/figures/png/fig-vignettes-example-3-xmy-direct-pb-pc-133-1.png' (or dependence on it) from following:
  LaTeX Warning: File `.setup/latex/figures/png/fig-vignettes-example-3-xmy-direct-pb-pc-133-1.png' not found on input line 39.
Latexmk: Missing input file '.setup/latex/figures/png/fig-vignettes-example-3-xmy-indirect-pb-pc-133-1.png' (or dependence on it) from following:
  LaTeX Warning: File `.setup/latex/figures/png/fig-vignettes-example-3-xmy-indirect-pb-pc-133-1.png' not found on input line 44.
Latexmk: Missing input file '.setup/latex/figures/png/fig-vignettes-example-3-xmy-total-pb-pc-133-1.png' (or dependence on it) from following:
  LaTeX Warning: File `.setup/latex/figures/png/fig-vignettes-example-3-xmy-total-pb-pc-133-1.png' not found on input line 49.
Latexmk: Missing input file '.setup/latex/figures/png/fig-vignettes-example-3-xmy-direct-pb-bc-133-1.png' (or dependence on it) from following:
  LaTeX Warning: File `.setup/latex/figures/png/fig-vignettes-example-3-xmy-direct-pb-bc-133-1.png' not found on input line 56.
Latexmk: Missing input file '.setup/latex/figures/png/fig-vignettes-example-3-xmy-indirect-pb-bc-133-1.png' (or dependence on it) from following:
  LaTeX Warning: File `.setup/latex/figures/png/fig-vignettes-example-3-xmy-indirect-pb-bc-133-1.png' not found on input line 61.
Latexmk: Missing input file '.setup/latex/figures/png/fig-vignettes-example-3-xmy-total-pb-bc-133-1.png' (or dependence on it) from following:
  LaTeX Warning: File `.setup/latex/figures/png/fig-vignettes-example-3-xmy-total-pb-bc-133-1.png' not found on input line 66.
Latexmk: Missing input file '.setup/latex/figures/png/fig-vignettes-example-3-xmy-direct-std-delta-133-1.png' (or dependence on it) from following:
  LaTeX Warning: File `.setup/latex/figures/png/fig-vignettes-example-3-xmy-direct-std-delta-133-1.png' not found on input line 78.
Latexmk: Missing input file '.setup/latex/figures/png/fig-vignettes-example-3-xmy-indirect-std-delta-133-1.png' (or dependence on it) from following:
  LaTeX Warning: File `.setup/latex/figures/png/fig-vignettes-example-3-xmy-indirect-std-delta-133-1.png' not found on input line 83.
Latexmk: Missing input file '.setup/latex/figures/png/fig-vignettes-example-3-xmy-total-std-delta-133-1.png' (or dependence on it) from following:
  LaTeX Warning: File `.setup/latex/figures/png/fig-vignettes-example-3-xmy-total-std-delta-133-1.png' not found on input line 88.
Latexmk: Missing input file '.setup/latex/figures/png/fig-vignettes-example-3-xmy-direct-std-mc-133-1.png' (or dependence on it) from following:
  LaTeX Warning: File `.setup/latex/figures/png/fig-vignettes-example-3-xmy-direct-std-mc-133-1.png' not found on input line 95.
Latexmk: Missing input file '.setup/latex/figures/png/fig-vignettes-example-3-xmy-indirect-std-mc-133-1.png' (or dependence on it) from following:
  LaTeX Warning: File `.setup/latex/figures/png/fig-vignettes-example-3-xmy-indirect-std-mc-133-1.png' not found on input line 100.
Latexmk: Missing input file '.setup/latex/figures/png/fig-vignettes-example-3-xmy-total-std-mc-133-1.png' (or dependence on it) from following:
  LaTeX Warning: File `.setup/latex/figures/png/fig-vignettes-example-3-xmy-total-std-mc-133-1.png' not found on input line 105.
Latexmk: Missing input file '.setup/latex/figures/png/fig-vignettes-example-3-xmy-direct-std-pb-pc-133-1.png' (or dependence on it) from following:
  LaTeX Warning: File `.setup/latex/figures/png/fig-vignettes-example-3-xmy-direct-std-pb-pc-133-1.png' not found on input line 112.
Latexmk: Missing input file '.setup/latex/figures/png/fig-vignettes-example-3-xmy-indirect-std-pb-pc-133-1.png' (or dependence on it) from following:
  LaTeX Warning: File `.setup/latex/figures/png/fig-vignettes-example-3-xmy-indirect-std-pb-pc-133-1.png' not found on input line 117.
Latexmk: Missing input file '.setup/latex/figures/png/fig-vignettes-example-3-xmy-total-std-pb-pc-133-1.png' (or dependence on it) from following:
  LaTeX Warning: File `.setup/latex/figures/png/fig-vignettes-example-3-xmy-total-std-pb-pc-133-1.png' not found on input line 122.
Latexmk: Missing input file '.setup/latex/figures/png/fig-vignettes-example-3-xmy-direct-std-pb-bc-133-1.png' (or dependence on it) from following:
  LaTeX Warning: File `.setup/latex/figures/png/fig-vignettes-example-3-xmy-direct-std-pb-bc-133-1.png' not found on input line 129.
Latexmk: Missing input file '.setup/latex/figures/png/fig-vignettes-example-3-xmy-indirect-std-pb-bc-133-1.png' (or dependence on it) from following:
  LaTeX Warning: File `.setup/latex/figures/png/fig-vignettes-example-3-xmy-indirect-std-pb-bc-133-1.png' not found on input line 134.
Latexmk: Missing input file '.setup/latex/figures/png/fig-vignettes-example-3-xmy-total-std-pb-bc-133-1.png' (or dependence on it) from following:
  LaTeX Warning: File `.setup/latex/figures/png/fig-vignettes-example-3-xmy-total-std-pb-bc-133-1.png' not found on input line 139.
Latexmk: Missing input file '.setup/latex/figures/png/fig-vignettes-scatter-plots-zero-coverage-1-25-1.png' (or dependence on it) from following:
  LaTeX Warning: File `.setup/latex/figures/png/fig-vignettes-scatter-plots-zero-coverage-1-25-1.png' not found on input line 150.
Latexmk: Missing input file '.setup/latex/figures/png/fig-vignettes-scatter-plots-zero-coverage-25-30-1.png' (or dependence on it) from following:
  LaTeX Warning: File `.setup/latex/figures/png/fig-vignettes-scatter-plots-zero-coverage-25-30-1.png' not found on input line 158.
Latexmk: Missing input file '.setup/latex/figures/png/fig-vignettes-scatter-plots-zero-power-1.png' (or dependence on it) from following:
  LaTeX Warning: File `.setup/latex/figures/png/fig-vignettes-scatter-plots-zero-power-1.png' not found on input line 166.
Latexmk: Missing input file '.setup/latex/figures/png/fig-vignettes-scatter-plots-zero-type1-1.png' (or dependence on it) from following:
  LaTeX Warning: File `.setup/latex/figures/png/fig-vignettes-scatter-plots-zero-type1-1.png' not found on input line 174.
Latexmk: Missing input file '.setup/latex/figures/png/fig-vignettes-scatter-plots-zero-coverage-std-1-25-1.png' (or dependence on it) from following:
  LaTeX Warning: File `.setup/latex/figures/png/fig-vignettes-scatter-plots-zero-coverage-std-1-25-1.png' not found on input line 182.
Latexmk: Missing input file '.setup/latex/figures/png/fig-vignettes-scatter-plots-zero-coverage-std-25-30-1.png' (or dependence on it) from following:
  LaTeX Warning: File `.setup/latex/figures/png/fig-vignettes-scatter-plots-zero-coverage-std-25-30-1.png' not found on input line 190.
Latexmk: Missing input file '.setup/latex/figures/png/fig-vignettes-scatter-plots-zero-power-std-1.png' (or dependence on it) from following:
  LaTeX Warning: File `.setup/latex/figures/png/fig-vignettes-scatter-plots-zero-power-std-1.png' not found on input line 198.
Latexmk: Missing input file '.setup/latex/figures/png/fig-vignettes-scatter-plots-zero-type1-std-1.png' (or dependence on it) from following:
  LaTeX Warning: File `.setup/latex/figures/png/fig-vignettes-scatter-plots-zero-type1-std-1.png' not found on input line 206.
Latexmk: Missing input file '.setup/latex/figures/png/fig-vignettes-scatter-plots-pos-coverage-1-25-1.png' (or dependence on it) from following:
  LaTeX Warning: File `.setup/latex/figures/png/fig-vignettes-scatter-plots-pos-coverage-1-25-1.png' not found on input line 214.
Latexmk: Missing input file '.setup/latex/figures/png/fig-vignettes-scatter-plots-pos-coverage-25-30-1.png' (or dependence on it) from following:
  LaTeX Warning: File `.setup/latex/figures/png/fig-vignettes-scatter-plots-pos-coverage-25-30-1.png' not found on input line 222.
Latexmk: Missing input file '.setup/latex/figures/png/fig-vignettes-scatter-plots-pos-power-1.png' (or dependence on it) from following:
  LaTeX Warning: File `.setup/latex/figures/png/fig-vignettes-scatter-plots-pos-power-1.png' not found on input line 230.
Latexmk: Missing input file '.setup/latex/figures/png/fig-vignettes-scatter-plots-pos-type1-1.png' (or dependence on it) from following:
  LaTeX Warning: File `.setup/latex/figures/png/fig-vignettes-scatter-plots-pos-type1-1.png' not found on input line 238.
Latexmk: Missing input file '.setup/latex/figures/png/fig-vignettes-scatter-plots-pos-coverage-std-1-25-1.png' (or dependence on it) from following:
  LaTeX Warning: File `.setup/latex/figures/png/fig-vignettes-scatter-plots-pos-coverage-std-1-25-1.png' not found on input line 246.
Latexmk: Missing input file '.setup/latex/figures/png/fig-vignettes-scatter-plots-pos-coverage-std-25-30-1.png' (or dependence on it) from following:
  LaTeX Warning: File `.setup/latex/figures/png/fig-vignettes-scatter-plots-pos-coverage-std-25-30-1.png' not found on input line 254.
Latexmk: Missing input file '.setup/latex/figures/png/fig-vignettes-scatter-plots-pos-power-std-1.png' (or dependence on it) from following:
  LaTeX Warning: File `.setup/latex/figures/png/fig-vignettes-scatter-plots-pos-power-std-1.png' not found on input line 262.
Latexmk: Missing input file '.setup/latex/figures/png/fig-vignettes-scatter-plots-pos-type1-std-1.png' (or dependence on it) from following:
  LaTeX Warning: File `.setup/latex/figures/png/fig-vignettes-scatter-plots-pos-type1-std-1.png' not found on input line 270.
Latexmk: Missing input file '.setup/latex/figures/png/fig-vignettes-scatter-plots-neg-coverage-1-25-1.png' (or dependence on it) from following:
  LaTeX Warning: File `.setup/latex/figures/png/fig-vignettes-scatter-plots-neg-coverage-1-25-1.png' not found on input line 278.
Latexmk: Missing input file '.setup/latex/figures/png/fig-vignettes-scatter-plots-neg-coverage-25-30-1.png' (or dependence on it) from following:
  LaTeX Warning: File `.setup/latex/figures/png/fig-vignettes-scatter-plots-neg-coverage-25-30-1.png' not found on input line 286.
Latexmk: Missing input file '.setup/latex/figures/png/fig-vignettes-scatter-plots-neg-power-1.png' (or dependence on it) from following:
  LaTeX Warning: File `.setup/latex/figures/png/fig-vignettes-scatter-plots-neg-power-1.png' not found on input line 294.
Latexmk: Missing input file '.setup/latex/figures/png/fig-vignettes-scatter-plots-neg-type1-1.png' (or dependence on it) from following:
  LaTeX Warning: File `.setup/latex/figures/png/fig-vignettes-scatter-plots-neg-type1-1.png' not found on input line 302.
Latexmk: Missing input file '.setup/latex/figures/png/fig-vignettes-scatter-plots-neg-coverage-std-1-25-1.png' (or dependence on it) from following:
  LaTeX Warning: File `.setup/latex/figures/png/fig-vignettes-scatter-plots-neg-coverage-std-1-25-1.png' not found on input line 310.
Latexmk: Missing input file '.setup/latex/figures/png/fig-vignettes-scatter-plots-neg-coverage-std-25-30-1.png' (or dependence on it) from following:
  LaTeX Warning: File `.setup/latex/figures/png/fig-vignettes-scatter-plots-neg-coverage-std-25-30-1.png' not found on input line 318.
Latexmk: Missing input file '.setup/latex/figures/png/fig-vignettes-scatter-plots-neg-power-std-1.png' (or dependence on it) from following:
  LaTeX Warning: File `.setup/latex/figures/png/fig-vignettes-scatter-plots-neg-power-std-1.png' not found on input line 326.
Latexmk: Missing input file '.setup/latex/figures/png/fig-vignettes-scatter-plots-neg-type1-std-1.png' (or dependence on it) from following:
  LaTeX Warning: File `.setup/latex/figures/png/fig-vignettes-scatter-plots-neg-type1-std-1.png' not found on input line 334.
Latexmk: Missing input file '.setup/latex/figures/png/fig-vignettes-example-3-xmy-direct-delta-133-1.png' (or dependence on it) from following:
  LaTeX Warning: File `.setup/latex/figures/png/fig-vignettes-example-3-xmy-direct-delta-133-1.png' not found on input line 5.
Latexmk: Missing input file '.setup/latex/figures/png/fig-vignettes-example-3-xmy-indirect-delta-133-1.png' (or dependence on it) from following:
  LaTeX Warning: File `.setup/latex/figures/png/fig-vignettes-example-3-xmy-indirect-delta-133-1.png' not found on input line 10.
Latexmk: Missing input file '.setup/latex/figures/png/fig-vignettes-example-3-xmy-total-delta-133-1.png' (or dependence on it) from following:
  LaTeX Warning: File `.setup/latex/figures/png/fig-vignettes-example-3-xmy-total-delta-133-1.png' not found on input line 15.
Latexmk: Missing input file '.setup/latex/figures/png/fig-vignettes-example-3-xmy-direct-mc-133-1.png' (or dependence on it) from following:
  LaTeX Warning: File `.setup/latex/figures/png/fig-vignettes-example-3-xmy-direct-mc-133-1.png' not found on input line 22.
Latexmk: Missing input file '.setup/latex/figures/png/fig-vignettes-example-3-xmy-indirect-mc-133-1.png' (or dependence on it) from following:
  LaTeX Warning: File `.setup/latex/figures/png/fig-vignettes-example-3-xmy-indirect-mc-133-1.png' not found on input line 27.
Latexmk: Missing input file '.setup/latex/figures/png/fig-vignettes-example-3-xmy-total-mc-133-1.png' (or dependence on it) from following:
  LaTeX Warning: File `.setup/latex/figures/png/fig-vignettes-example-3-xmy-total-mc-133-1.png' not found on input line 32.
Latexmk: Missing input file '.setup/latex/figures/png/fig-vignettes-example-3-xmy-direct-pb-pc-133-1.png' (or dependence on it) from following:
  LaTeX Warning: File `.setup/latex/figures/png/fig-vignettes-example-3-xmy-direct-pb-pc-133-1.png' not found on input line 39.
Latexmk: Missing input file '.setup/latex/figures/png/fig-vignettes-example-3-xmy-indirect-pb-pc-133-1.png' (or dependence on it) from following:
  LaTeX Warning: File `.setup/latex/figures/png/fig-vignettes-example-3-xmy-indirect-pb-pc-133-1.png' not found on input line 44.
Latexmk: Missing input file '.setup/latex/figures/png/fig-vignettes-example-3-xmy-total-pb-pc-133-1.png' (or dependence on it) from following:
  LaTeX Warning: File `.setup/latex/figures/png/fig-vignettes-example-3-xmy-total-pb-pc-133-1.png' not found on input line 49.
Latexmk: Missing input file '.setup/latex/figures/png/fig-vignettes-example-3-xmy-direct-pb-bc-133-1.png' (or dependence on it) from following:
  LaTeX Warning: File `.setup/latex/figures/png/fig-vignettes-example-3-xmy-direct-pb-bc-133-1.png' not found on input line 56.
Latexmk: Missing input file '.setup/latex/figures/png/fig-vignettes-example-3-xmy-indirect-pb-bc-133-1.png' (or dependence on it) from following:
  LaTeX Warning: File `.setup/latex/figures/png/fig-vignettes-example-3-xmy-indirect-pb-bc-133-1.png' not found on input line 61.
Latexmk: Missing input file '.setup/latex/figures/png/fig-vignettes-example-3-xmy-total-pb-bc-133-1.png' (or dependence on it) from following:
  LaTeX Warning: File `.setup/latex/figures/png/fig-vignettes-example-3-xmy-total-pb-bc-133-1.png' not found on input line 66.
Latexmk: Missing input file '.setup/latex/figures/png/fig-vignettes-example-3-xmy-direct-std-delta-133-1.png' (or dependence on it) from following:
  LaTeX Warning: File `.setup/latex/figures/png/fig-vignettes-example-3-xmy-direct-std-delta-133-1.png' not found on input line 78.
Latexmk: Missing input file '.setup/latex/figures/png/fig-vignettes-example-3-xmy-indirect-std-delta-133-1.png' (or dependence on it) from following:
  LaTeX Warning: File `.setup/latex/figures/png/fig-vignettes-example-3-xmy-indirect-std-delta-133-1.png' not found on input line 83.
Latexmk: Missing input file '.setup/latex/figures/png/fig-vignettes-example-3-xmy-total-std-delta-133-1.png' (or dependence on it) from following:
  LaTeX Warning: File `.setup/latex/figures/png/fig-vignettes-example-3-xmy-total-std-delta-133-1.png' not found on input line 88.
Latexmk: Missing input file '.setup/latex/figures/png/fig-vignettes-example-3-xmy-direct-std-mc-133-1.png' (or dependence on it) from following:
  LaTeX Warning: File `.setup/latex/figures/png/fig-vignettes-example-3-xmy-direct-std-mc-133-1.png' not found on input line 95.
Latexmk: Missing input file '.setup/latex/figures/png/fig-vignettes-example-3-xmy-indirect-std-mc-133-1.png' (or dependence on it) from following:
  LaTeX Warning: File `.setup/latex/figures/png/fig-vignettes-example-3-xmy-indirect-std-mc-133-1.png' not found on input line 100.
Latexmk: Missing input file '.setup/latex/figures/png/fig-vignettes-example-3-xmy-total-std-mc-133-1.png' (or dependence on it) from following:
  LaTeX Warning: File `.setup/latex/figures/png/fig-vignettes-example-3-xmy-total-std-mc-133-1.png' not found on input line 105.
Latexmk: Missing input file '.setup/latex/figures/png/fig-vignettes-example-3-xmy-direct-std-pb-pc-133-1.png' (or dependence on it) from following:
  LaTeX Warning: File `.setup/latex/figures/png/fig-vignettes-example-3-xmy-direct-std-pb-pc-133-1.png' not found on input line 112.
Latexmk: Missing input file '.setup/latex/figures/png/fig-vignettes-example-3-xmy-indirect-std-pb-pc-133-1.png' (or dependence on it) from following:
  LaTeX Warning: File `.setup/latex/figures/png/fig-vignettes-example-3-xmy-indirect-std-pb-pc-133-1.png' not found on input line 117.
Latexmk: Missing input file '.setup/latex/figures/png/fig-vignettes-example-3-xmy-total-std-pb-pc-133-1.png' (or dependence on it) from following:
  LaTeX Warning: File `.setup/latex/figures/png/fig-vignettes-example-3-xmy-total-std-pb-pc-133-1.png' not found on input line 122.
Latexmk: Missing input file '.setup/latex/figures/png/fig-vignettes-example-3-xmy-direct-std-pb-bc-133-1.png' (or dependence on it) from following:
  LaTeX Warning: File `.setup/latex/figures/png/fig-vignettes-example-3-xmy-direct-std-pb-bc-133-1.png' not found on input line 129.
Latexmk: Missing input file '.setup/latex/figures/png/fig-vignettes-example-3-xmy-indirect-std-pb-bc-133-1.png' (or dependence on it) from following:
  LaTeX Warning: File `.setup/latex/figures/png/fig-vignettes-example-3-xmy-indirect-std-pb-bc-133-1.png' not found on input line 134.
Latexmk: Missing input file '.setup/latex/figures/png/fig-vignettes-example-3-xmy-total-std-pb-bc-133-1.png' (or dependence on it) from following:
  LaTeX Warning: File `.setup/latex/figures/png/fig-vignettes-example-3-xmy-total-std-pb-bc-133-1.png' not found on input line 139.
Latexmk: Missing input file '.setup/latex/figures/png/fig-vignettes-scatter-plots-zero-coverage-1-25-1.png' (or dependence on it) from following:
  LaTeX Warning: File `.setup/latex/figures/png/fig-vignettes-scatter-plots-zero-coverage-1-25-1.png' not found on input line 150.
Latexmk: Missing input file '.setup/latex/figures/png/fig-vignettes-scatter-plots-zero-coverage-25-30-1.png' (or dependence on it) from following:
  LaTeX Warning: File `.setup/latex/figures/png/fig-vignettes-scatter-plots-zero-coverage-25-30-1.png' not found on input line 158.
Latexmk: Missing input file '.setup/latex/figures/png/fig-vignettes-scatter-plots-zero-power-1.png' (or dependence on it) from following:
  LaTeX Warning: File `.setup/latex/figures/png/fig-vignettes-scatter-plots-zero-power-1.png' not found on input line 166.
Latexmk: Missing input file '.setup/latex/figures/png/fig-vignettes-scatter-plots-zero-type1-1.png' (or dependence on it) from following:
  LaTeX Warning: File `.setup/latex/figures/png/fig-vignettes-scatter-plots-zero-type1-1.png' not found on input line 174.
Latexmk: Missing input file '.setup/latex/figures/png/fig-vignettes-scatter-plots-zero-coverage-std-1-25-1.png' (or dependence on it) from following:
  LaTeX Warning: File `.setup/latex/figures/png/fig-vignettes-scatter-plots-zero-coverage-std-1-25-1.png' not found on input line 182.
Latexmk: Missing input file '.setup/latex/figures/png/fig-vignettes-scatter-plots-zero-coverage-std-25-30-1.png' (or dependence on it) from following:
  LaTeX Warning: File `.setup/latex/figures/png/fig-vignettes-scatter-plots-zero-coverage-std-25-30-1.png' not found on input line 190.
Latexmk: Missing input file '.setup/latex/figures/png/fig-vignettes-scatter-plots-zero-power-std-1.png' (or dependence on it) from following:
  LaTeX Warning: File `.setup/latex/figures/png/fig-vignettes-scatter-plots-zero-power-std-1.png' not found on input line 198.
Latexmk: Missing input file '.setup/latex/figures/png/fig-vignettes-scatter-plots-zero-type1-std-1.png' (or dependence on it) from following:
  LaTeX Warning: File `.setup/latex/figures/png/fig-vignettes-scatter-plots-zero-type1-std-1.png' not found on input line 206.
Latexmk: Missing input file '.setup/latex/figures/png/fig-vignettes-scatter-plots-pos-coverage-1-25-1.png' (or dependence on it) from following:
  LaTeX Warning: File `.setup/latex/figures/png/fig-vignettes-scatter-plots-pos-coverage-1-25-1.png' not found on input line 214.
Latexmk: Missing input file '.setup/latex/figures/png/fig-vignettes-scatter-plots-pos-coverage-25-30-1.png' (or dependence on it) from following:
  LaTeX Warning: File `.setup/latex/figures/png/fig-vignettes-scatter-plots-pos-coverage-25-30-1.png' not found on input line 222.
Latexmk: Missing input file '.setup/latex/figures/png/fig-vignettes-scatter-plots-pos-power-1.png' (or dependence on it) from following:
  LaTeX Warning: File `.setup/latex/figures/png/fig-vignettes-scatter-plots-pos-power-1.png' not found on input line 230.
Latexmk: Missing input file '.setup/latex/figures/png/fig-vignettes-scatter-plots-pos-type1-1.png' (or dependence on it) from following:
  LaTeX Warning: File `.setup/latex/figures/png/fig-vignettes-scatter-plots-pos-type1-1.png' not found on input line 238.
Latexmk: Missing input file '.setup/latex/figures/png/fig-vignettes-scatter-plots-pos-coverage-std-1-25-1.png' (or dependence on it) from following:
  LaTeX Warning: File `.setup/latex/figures/png/fig-vignettes-scatter-plots-pos-coverage-std-1-25-1.png' not found on input line 246.
Latexmk: Missing input file '.setup/latex/figures/png/fig-vignettes-scatter-plots-pos-coverage-std-25-30-1.png' (or dependence on it) from following:
  LaTeX Warning: File `.setup/latex/figures/png/fig-vignettes-scatter-plots-pos-coverage-std-25-30-1.png' not found on input line 254.
Latexmk: Missing input file '.setup/latex/figures/png/fig-vignettes-scatter-plots-pos-power-std-1.png' (or dependence on it) from following:
  LaTeX Warning: File `.setup/latex/figures/png/fig-vignettes-scatter-plots-pos-power-std-1.png' not found on input line 262.
Latexmk: Missing input file '.setup/latex/figures/png/fig-vignettes-scatter-plots-pos-type1-std-1.png' (or dependence on it) from following:
  LaTeX Warning: File `.setup/latex/figures/png/fig-vignettes-scatter-plots-pos-type1-std-1.png' not found on input line 270.
Latexmk: Missing input file '.setup/latex/figures/png/fig-vignettes-scatter-plots-neg-coverage-1-25-1.png' (or dependence on it) from following:
  LaTeX Warning: File `.setup/latex/figures/png/fig-vignettes-scatter-plots-neg-coverage-1-25-1.png' not found on input line 278.
Latexmk: Missing input file '.setup/latex/figures/png/fig-vignettes-scatter-plots-neg-coverage-25-30-1.png' (or dependence on it) from following:
  LaTeX Warning: File `.setup/latex/figures/png/fig-vignettes-scatter-plots-neg-coverage-25-30-1.png' not found on input line 286.
Latexmk: Missing input file '.setup/latex/figures/png/fig-vignettes-scatter-plots-neg-power-1.png' (or dependence on it) from following:
  LaTeX Warning: File `.setup/latex/figures/png/fig-vignettes-scatter-plots-neg-power-1.png' not found on input line 294.
Latexmk: Missing input file '.setup/latex/figures/png/fig-vignettes-scatter-plots-neg-type1-1.png' (or dependence on it) from following:
  LaTeX Warning: File `.setup/latex/figures/png/fig-vignettes-scatter-plots-neg-type1-1.png' not found on input line 302.
Latexmk: Missing input file '.setup/latex/figures/png/fig-vignettes-scatter-plots-neg-coverage-std-1-25-1.png' (or dependence on it) from following:
  LaTeX Warning: File `.setup/latex/figures/png/fig-vignettes-scatter-plots-neg-coverage-std-1-25-1.png' not found on input line 310.
Latexmk: Missing input file '.setup/latex/figures/png/fig-vignettes-scatter-plots-neg-coverage-std-25-30-1.png' (or dependence on it) from following:
  LaTeX Warning: File `.setup/latex/figures/png/fig-vignettes-scatter-plots-neg-coverage-std-25-30-1.png' not found on input line 318.
Latexmk: Missing input file '.setup/latex/figures/png/fig-vignettes-scatter-plots-neg-power-std-1.png' (or dependence on it) from following:
  LaTeX Warning: File `.setup/latex/figures/png/fig-vignettes-scatter-plots-neg-power-std-1.png' not found on input line 326.
Latexmk: Missing input file '.setup/latex/figures/png/fig-vignettes-scatter-plots-neg-type1-std-1.png' (or dependence on it) from following:
  LaTeX Warning: File `.setup/latex/figures/png/fig-vignettes-scatter-plots-neg-type1-std-1.png' not found on input line 334.

------------
Latexmk: Some operations failed, for the following tex file(s)
  /scratch/ibp5092/manCTMed/detritus/tex/manCTMed-manuscript.tex
  /scratch/ibp5092/manCTMed/detritus/tex/manCTMed-supplement.tex
── Installing package manCTMed into temporary library ──────────────────────────
── Finished building pkgdown site for package manCTMed ─────────────────────────
make: warning:  Clock skew detected.  Your build may be incomplete.
Cloning into 'dotfiles'...
find: ‘/scratch/ibp5092/manCTMed/.setup/cpp’: No such file or directory
find: ‘/scratch/ibp5092/manCTMed/src’: No such file or directory
✔ Setting active project to "/scratch/ibp5092/manCTMed".
✔ Saving "model" to "R/sysdata.rda".
ℹ Updating manCTMed documentation
ℹ Loading manCTMed
✖ In topic 'TemplateIllustration.Rd': Skipping; no name and/or title.
✖ In topic 'Template.Rd': Skipping; no name and/or title.
ℹ Updating manCTMed documentation
ℹ Loading manCTMed
✖ In topic 'TemplateIllustration.Rd': Skipping; no name and/or title.
✖ In topic 'Template.Rd': Skipping; no name and/or title.
✔ Setting active project to "/scratch/ibp5092/manCTMed".
✔ Saving "model" to "R/sysdata.rda".
ℹ Updating manCTMed documentation
ℹ Loading manCTMed
✖ In topic 'TemplateIllustration.Rd': Skipping; no name and/or title.
✖ In topic 'Template.Rd': Skipping; no name and/or title.
ℹ Updating manCTMed documentation
ℹ Loading manCTMed
✖ In topic 'TemplateIllustration.Rd': Skipping; no name and/or title.
✖ In topic 'Template.Rd': Skipping; no name and/or title.


processing file: README.Rmd
output file: README.knit.md


Preview created: /scratch/ibp5092/manCTMed/README.html

Output created: README.md
Converting parsed Rd's to LaTeX ..........
Warning in texi2dvi(file = file, pdf = TRUE, clean = clean, quiet = quiet,  :
  texi2dvi script/program not available, using emulation
This is makeindex, version 2.17 [TeX Live 2025] (kpathsea + Thai support).
Scanning input file Rd2.idx....done (973 entries accepted, 0 rejected).
Sorting entries..........done (10356 comparisons).
Generating output file Rd2.ind....done (645 lines written, 10 warnings).
Output written in Rd2.ind.
Transcript written in Rd2.ilg.
This is makeindex, version 2.17 [TeX Live 2025] (kpathsea + Thai support).
Scanning input file Rd2.idx....done (973 entries accepted, 0 rejected).
Sorting entries..........done (10362 comparisons).
Generating output file Rd2.ind....done (645 lines written, 11 warnings).
Output written in Rd2.ind.
Transcript written in Rd2.ilg.
sh: 1: /usr/bin/xdg-open: not found
Warning in system(paste(preview, output)) : error in running command
✔ 'CITATION.cff' generated
✔ Congratulations! 'CITATION.cff' is valid


processing file: /scratch/ibp5092/manCTMed/.setup/latex/manCTMed-manuscript.Rtex
output file: /scratch/ibp5092/manCTMed/detritus/tex/manCTMed-manuscript.tex



processing file: /scratch/ibp5092/manCTMed/.setup/latex/manCTMed-supplement.Rtex
output file: /scratch/ibp5092/manCTMed/detritus/tex/manCTMed-supplement.tex

── Installing package manCTMed into temporary library ──────────────────────────
── Finished building pkgdown site for package manCTMed ─────────────────────────
Cloning into 'manCTMed'...
Updating files:   7% (89/1172)Updating files:   8% (94/1172)Updating files:   9% (106/1172)Updating files:  10% (118/1172)Updating files:  11% (129/1172)Updating files:  12% (141/1172)Updating files:  12% (146/1172)Updating files:  13% (153/1172)Updating files:  14% (165/1172)Updating files:  15% (176/1172)Updating files:  16% (188/1172)Updating files:  17% (200/1172)Updating files:  18% (211/1172)Updating files:  19% (223/1172)Updating files:  19% (225/1172)Updating files:  20% (235/1172)Updating files:  21% (247/1172)Updating files:  22% (258/1172)Updating files:  23% (270/1172)Updating files:  24% (282/1172)Updating files:  25% (293/1172)Updating files:  26% (305/1172)Updating files:  27% (317/1172)Updating files:  28% (329/1172)Updating files:  29% (340/1172)Updating files:  30% (352/1172)Updating files:  31% (364/1172)Updating files:  32% (376/1172)Updating files:  33% (387/1172)Updating files:  33% (393/1172)Updating files:  34% (399/1172)Updating files:  35% (411/1172)Updating files:  36% (422/1172)Updating files:  37% (434/1172)Updating files:  38% (446/1172)Updating files:  39% (458/1172)Updating files:  40% (469/1172)Updating files:  41% (481/1172)Updating files:  42% (493/1172)Updating files:  43% (504/1172)Updating files:  44% (516/1172)Updating files:  45% (528/1172)Updating files:  46% (540/1172)Updating files:  47% (551/1172)Updating files:  48% (563/1172)Updating files:  48% (567/1172)Updating files:  49% (575/1172)Updating files:  50% (586/1172)Updating files:  51% (598/1172)Updating files:  52% (610/1172)Updating files:  53% (622/1172)Updating files:  54% (633/1172)Updating files:  55% (645/1172)Updating files:  56% (657/1172)Updating files:  57% (669/1172)Updating files:  58% (680/1172)Updating files:  59% (692/1172)Updating files:  60% (704/1172)Updating files:  61% (715/1172)Updating files:  62% (727/1172)Updating files:  63% (739/1172)Updating files:  64% (751/1172)Updating files:  65% (762/1172)Updating files:  66% (774/1172)Updating files:  67% (786/1172)Updating files:  68% (797/1172)Updating files:  69% (809/1172)Updating files:  70% (821/1172)Updating files:  71% (833/1172)Updating files:  72% (844/1172)Updating files:  73% (856/1172)Updating files:  74% (868/1172)Updating files:  75% (879/1172)Updating files:  76% (891/1172)Updating files:  77% (903/1172)Updating files:  78% (915/1172)Updating files:  79% (926/1172)Updating files:  80% (938/1172)Updating files:  81% (950/1172)Updating files:  82% (962/1172)Updating files:  83% (973/1172)Updating files:  84% (985/1172)Updating files:  85% (997/1172)Updating files:  86% (1008/1172)Updating files:  86% (1019/1172)Updating files:  87% (1020/1172)Updating files:  88% (1032/1172)Updating files:  89% (1044/1172)Updating files:  90% (1055/1172)Updating files:  91% (1067/1172)Updating files:  92% (1079/1172)Updating files:  93% (1090/1172)Updating files:  94% (1102/1172)Updating files:  95% (1114/1172)Updating files:  96% (1126/1172)Updating files:  97% (1137/1172)Updating files:  98% (1149/1172)Updating files:  98% (1160/1172)Updating files:  99% (1161/1172)Updating files: 100% (1172/1172)Updating files: 100% (1172/1172), done.
