This is pdfTeX, Version 3.141592653-2.6-1.40.26 (TeX Live 2024) (preloaded format=pdflatex 2024.5.5)  7 MAY 2024 13:04
entering extended mode
 restricted \write18 enabled.
 %&-line parsing enabled.
**apa7.dtx
(./apa7.dtx
LaTeX2e <2023-11-01> patch level 1
L3 programming layer <2024-04-11>
(/opt/TinyTeX/texmf-dist/tex/latex/base/docstrip.tex
\blockLevel=\count189
\emptyLines=\count190
\processedLines=\count191
\commentsRemoved=\count192
\commentsPassed=\count193
\codeLinesPassed=\count194
\TotalprocessedLines=\count195
\TotalcommentsRemoved=\count196
\TotalcommentsPassed=\count197
\TotalcodeLinesPassed=\count198
\NumberOfFiles=\count199
\inFile=\read2
\inputcheck=\read3
\off@0=\count266
\off@1=\count267
\off@2=\count268
\off@3=\count269
\off@4=\count270
\off@5=\count271
\off@6=\count272
\off@7=\count273
\off@8=\count274
\off@9=\count275
\off@10=\count276
\off@11=\count277
\off@12=\count278
\off@13=\count279
\off@14=\count280
\off@15=\count281
\@maxfiles=\count282
\@maxoutfiles=\count283

Utility: `docstrip' v2.6b <2022-09-03>
English documentation    <2023-10-10>

**********************************************************
* This program converts documented macro-files into fast *
* loadable files by stripping off (nearly) all comments! *
**********************************************************

********************************************************
* No Configuration file found, using default settings. *
********************************************************

)

Generating file(s) ./apa7.cls 
\openout0 = `./apa7.cls'.


Processing file apa7.dtx (class) -> apa7.cls
Lines  processed: 3892
Comments removed: 1333
Comments  passed: 46
Codelines passed: 2463


Generating file(s) ././config/APA7american.txt ././config/APA7british.txt ././config/APA7dutch.txt ././config/APA7english.txt ././config/APA7french.txt ././config/APA7german.txt ././config/APA7ngerman.txt ././config/APA7greek.txt ././config/APA7czech.txt ././config/APA7turkish.txt ././config/APA7spanish.txt ././config/APA7hungarian.txt ././config/APA7endfloat.cfg 
\openout0 = `././config/APA7american.txt'.

\openout1 = `././config/APA7british.txt'.

\openout2 = `././config/APA7dutch.txt'.

\openout3 = `././config/APA7english.txt'.

\openout4 = `././config/APA7french.txt'.

\openout5 = `././config/APA7german.txt'.

\openout6 = `././config/APA7ngerman.txt'.

\openout7 = `././config/APA7greek.txt'.

\openout8 = `././config/APA7czech.txt'.

\openout9 = `././config/APA7turkish.txt'.

\openout10 = `././config/APA7spanish.txt'.

\openout11 = `././config/APA7hungarian.txt'.

\openout12 = `././config/APA7endfloat.cfg'.


Processing file apa7.dtx (american) -> ./config/APA7american.txt
                         (british) -> ./config/APA7british.txt
                         (dutch) -> ./config/APA7dutch.txt
                         (english) -> ./config/APA7english.txt
                         (french) -> ./config/APA7french.txt
                         (german) -> ./config/APA7german.txt
                         (ngerman) -> ./config/APA7ngerman.txt
                         (greek) -> ./config/APA7greek.txt
                         (czech) -> ./config/APA7czech.txt
                         (turkish) -> ./config/APA7turkish.txt
                         (spanish) -> ./config/APA7spanish.txt
                         (hungarian) -> ./config/APA7hungarian.txt
                         (APAendfloat) -> ./config/APA7endfloat.cfg
Lines  processed: 3892
Comments removed: 1333
Comments  passed: 46
Codelines passed: 2463


Generating file(s) ././samples/bibliography.bib ././samples/shortsample.tex ././samples/longsample.tex 
\openout0 = `././samples/bibliography.bib'.

\openout1 = `././samples/shortsample.tex'.

\openout2 = `././samples/longsample.tex'.


Processing file apa7.dtx (bibliography) -> ./samples/bibliography.bib
                         (shortsample) -> ./samples/shortsample.tex
                         (longsample) -> ./samples/longsample.tex
Lines  processed: 3892
Comments removed: 1333
Comments  passed: 46
Codelines passed: 2463


Generating file(s) ./apa7.ins 
\openout0 = `./apa7.ins'.


Processing file apa7.dtx (install) -> apa7.ins
Lines  processed: 3892
Comments removed: 1333
Comments  passed: 46
Codelines passed: 2463


Generating file(s) ./README.txt 
\openout0 = `./README.txt'.


Processing file apa7.dtx (readme) -> README.txt
Lines  processed: 3892
Comments removed: 1333
Comments  passed: 46
Codelines passed: 2463

(/opt/TinyTeX/texmf-dist/tex/latex/base/ltxdoc.cls
Document Class: ltxdoc 2023/03/28 v2.1j Standard LaTeX documentation class
*************************************
* Local config file ltxdoc.cfg used
*************************************
(/opt/TinyTeX/texmf-dist/tex/latex/base/ltxdoc.cfg
File: ltxdoc.cfg 2022/06/14 v2.0d ltxdoc.cls configuration (LaTeX Project)
) (/opt/TinyTeX/texmf-dist/tex/latex/base/article.cls
Document Class: article 2023/05/17 v1.4n Standard LaTeX document class
(/opt/TinyTeX/texmf-dist/tex/latex/base/size10.clo
File: size10.clo 2023/05/17 v1.4n Standard LaTeX file (size option)
)
\c@part=\count284
\c@section=\count285
\c@subsection=\count286
\c@subsubsection=\count287
\c@paragraph=\count288
\c@subparagraph=\count289
\c@figure=\count290
\c@table=\count291
\abovecaptionskip=\skip48
\belowcaptionskip=\skip49
\bibindent=\dimen140
) (/opt/TinyTeX/texmf-dist/tex/latex/base/doc.sty
Package: doc 2022/11/13 v3.0m Standard LaTeX documentation package V3 (FMi)
\c@StandardModuleDepth=\count292
\guard@level=\count293
\MacrocodeTopsep=\skip50
\MacroIndent=\dimen141
\macro@cnt=\count294
\MacroTopsep=\skip51
\IndexMin=\dimen142
\c@IndexColumns=\count295
 (/opt/TinyTeX/texmf-dist/tex/latex/tools/multicol.sty
Package: multicol 2023/03/30 v1.9f multicolumn formatting (FMi)
\c@tracingmulticols=\count296
\mult@box=\box51
\multicol@leftmargin=\dimen143
\c@unbalance=\count297
\c@collectmore=\count298
\doublecol@number=\count299
\multicoltolerance=\count300
\multicolpretolerance=\count301
\full@width=\dimen144
\page@free=\dimen145
\premulticols=\dimen146
\postmulticols=\dimen147
\multicolsep=\skip52
\multicolbaselineskip=\skip53
\partial@page=\box52
\last@line=\box53
\mc@boxedresult=\box54
\maxbalancingoverflow=\dimen148
\mult@rightbox=\box55
\mult@grightbox=\box56
\mult@firstbox=\box57
\mult@gfirstbox=\box58
\@tempa=\box59
\@tempa=\box60
\@tempa=\box61
\@tempa=\box62
\@tempa=\box63
\@tempa=\box64
\@tempa=\box65
\@tempa=\box66
\@tempa=\box67
\@tempa=\box68
\@tempa=\box69
\@tempa=\box70
\@tempa=\box71
\@tempa=\box72
\@tempa=\box73
\@tempa=\box74
\@tempa=\box75
\@tempa=\box76
\@tempa=\box77
\@tempa=\box78
\@tempa=\box79
\@tempa=\box80
\@tempa=\box81
\@tempa=\box82
\@tempa=\box83
\@tempa=\box84
\@tempa=\box85
\@tempa=\box86
\@tempa=\box87
\@tempa=\box88
\@tempa=\box89
\@tempa=\box90
\@tempa=\box91
\@tempa=\box92
\@tempa=\box93
\@tempa=\box94
\c@minrows=\count302
\c@columnbadness=\count303
\c@finalcolumnbadness=\count304
\last@try=\dimen149
\multicolovershoot=\dimen150
\multicolundershoot=\dimen151
\mult@nat@firstbox=\box95
\colbreak@box=\box96
\mc@col@check@num=\count305
)
\GlossaryMin=\dimen152
\c@GlossaryColumns=\count306
\check@sum=\count307
\bslash@cnt=\count308
\wrong@table=\toks17
\c@CodelineNo=\count309
\@temptokenb=\toks18
)) (/opt/TinyTeX/texmf-dist/tex/latex/base/fontenc.sty
Package: fontenc 2021/04/29 v2.0v Standard LaTeX package
) (/opt/TinyTeX/texmf-dist/tex/latex/lm/lmodern.sty
Package: lmodern 2015/05/01 v1.6.1 Latin Modern Fonts
LaTeX Font Info:    Overwriting symbol font `operators' in version `normal'
(Font)                  OT1/cmr/m/n --> OT1/lmr/m/n on input line 22.
LaTeX Font Info:    Overwriting symbol font `letters' in version `normal'
(Font)                  OML/cmm/m/it --> OML/lmm/m/it on input line 23.
LaTeX Font Info:    Overwriting symbol font `symbols' in version `normal'
(Font)                  OMS/cmsy/m/n --> OMS/lmsy/m/n on input line 24.
LaTeX Font Info:    Overwriting symbol font `largesymbols' in version `normal'
(Font)                  OMX/cmex/m/n --> OMX/lmex/m/n on input line 25.
LaTeX Font Info:    Overwriting symbol font `operators' in version `bold'
(Font)                  OT1/cmr/bx/n --> OT1/lmr/bx/n on input line 26.
LaTeX Font Info:    Overwriting symbol font `letters' in version `bold'
(Font)                  OML/cmm/b/it --> OML/lmm/b/it on input line 27.
LaTeX Font Info:    Overwriting symbol font `symbols' in version `bold'
(Font)                  OMS/cmsy/b/n --> OMS/lmsy/b/n on input line 28.
LaTeX Font Info:    Overwriting symbol font `largesymbols' in version `bold'
(Font)                  OMX/cmex/m/n --> OMX/lmex/m/n on input line 29.
LaTeX Font Info:    Overwriting math alphabet `\mathbf' in version `normal'
(Font)                  OT1/cmr/bx/n --> OT1/lmr/bx/n on input line 31.
LaTeX Font Info:    Overwriting math alphabet `\mathsf' in version `normal'
(Font)                  OT1/cmss/m/n --> OT1/lmss/m/n on input line 32.
LaTeX Font Info:    Overwriting math alphabet `\mathit' in version `normal'
(Font)                  OT1/cmr/m/it --> OT1/lmr/m/it on input line 33.
LaTeX Font Info:    Overwriting math alphabet `\mathtt' in version `normal'
(Font)                  OT1/cmtt/m/n --> OT1/lmtt/m/n on input line 34.
LaTeX Font Info:    Overwriting math alphabet `\mathbf' in version `bold'
(Font)                  OT1/cmr/bx/n --> OT1/lmr/bx/n on input line 35.
LaTeX Font Info:    Overwriting math alphabet `\mathsf' in version `bold'
(Font)                  OT1/cmss/bx/n --> OT1/lmss/bx/n on input line 36.
LaTeX Font Info:    Overwriting math alphabet `\mathit' in version `bold'
(Font)                  OT1/cmr/bx/it --> OT1/lmr/bx/it on input line 37.
LaTeX Font Info:    Overwriting math alphabet `\mathtt' in version `bold'
(Font)                  OT1/cmtt/m/n --> OT1/lmtt/m/n on input line 38.
) (/opt/TinyTeX/texmf-dist/tex/latex/scalerel/scalerel.sty
Package: scalerel 2016/12/29 v1.8 Routines for constrained scaling and stretching of objects, relative to a reference object or in absolute terms
 (/opt/TinyTeX/texmf-dist/tex/latex/tools/calc.sty
Package: calc 2023/07/08 v4.3 Infix arithmetic (KKT,FJ)
\calc@Acount=\count310
\calc@Bcount=\count311
\calc@Adimen=\dimen153
\calc@Bdimen=\dimen154
\calc@Askip=\skip54
\calc@Bskip=\skip55
LaTeX Info: Redefining \setlength on input line 80.
LaTeX Info: Redefining \addtolength on input line 81.
\calc@Ccount=\count312
\calc@Cskip=\skip56
) (/opt/TinyTeX/texmf-dist/tex/latex/graphics/graphicx.sty
Package: graphicx 2021/09/16 v1.2d Enhanced LaTeX Graphics (DPC,SPQR)
 (/opt/TinyTeX/texmf-dist/tex/latex/graphics/keyval.sty
Package: keyval 2022/05/29 v1.15 key=value parser (DPC)
\KV@toks@=\toks19
) (/opt/TinyTeX/texmf-dist/tex/latex/graphics/graphics.sty
Package: graphics 2022/03/10 v1.4e Standard LaTeX Graphics (DPC,SPQR)
 (/opt/TinyTeX/texmf-dist/tex/latex/graphics/trig.sty
Package: trig 2021/08/11 v1.11 sin cos tan (DPC)
) (/opt/TinyTeX/texmf-dist/tex/latex/graphics-cfg/graphics.cfg
File: graphics.cfg 2016/06/04 v1.11 sample graphics configuration
)
Package graphics Info: Driver file: pdftex.def on input line 107.
 (/opt/TinyTeX/texmf-dist/tex/latex/graphics-def/pdftex.def
File: pdftex.def 2024/04/13 v1.2c Graphics/color driver for pdftex
))
\Gin@req@height=\dimen155
\Gin@req@width=\dimen156
) (/opt/TinyTeX/texmf-dist/tex/latex/etoolbox/etoolbox.sty
Package: etoolbox 2020/10/05 v2.5k e-TeX tools for LaTeX (JAW)
\etb@tempcnta=\count313
)
\thesrwidth=\skip57
\thesrheight=\skip58
\srblobheight=\skip59
\srblobdepth=\skip60
\mnxsrwidth=\skip61
\LMex=\skip62
\LMpt=\skip63
) (/opt/TinyTeX/texmf-dist/tex/latex/pgf/frontendlayer/tikz.sty (/opt/TinyTeX/texmf-dist/tex/latex/pgf/basiclayer/pgf.sty (/opt/TinyTeX/texmf-dist/tex/latex/pgf/utilities/pgfrcs.sty (/opt/TinyTeX/texmf-dist/tex/generic/pgf/utilities/pgfutil-common.tex
\pgfutil@everybye=\toks20
\pgfutil@tempdima=\dimen157
\pgfutil@tempdimb=\dimen158
) (/opt/TinyTeX/texmf-dist/tex/generic/pgf/utilities/pgfutil-latex.def
\pgfutil@abb=\box97
) (/opt/TinyTeX/texmf-dist/tex/generic/pgf/utilities/pgfrcs.code.tex (/opt/TinyTeX/texmf-dist/tex/generic/pgf/pgf.revision.tex)
Package: pgfrcs 2023-01-15 v3.1.10 (3.1.10)
))
Package: pgf 2023-01-15 v3.1.10 (3.1.10)
 (/opt/TinyTeX/texmf-dist/tex/latex/pgf/basiclayer/pgfcore.sty (/opt/TinyTeX/texmf-dist/tex/latex/pgf/systemlayer/pgfsys.sty (/opt/TinyTeX/texmf-dist/tex/generic/pgf/systemlayer/pgfsys.code.tex
Package: pgfsys 2023-01-15 v3.1.10 (3.1.10)
 (/opt/TinyTeX/texmf-dist/tex/generic/pgf/utilities/pgfkeys.code.tex
\pgfkeys@pathtoks=\toks21
\pgfkeys@temptoks=\toks22
 (/opt/TinyTeX/texmf-dist/tex/generic/pgf/utilities/pgfkeyslibraryfiltered.code.tex
\pgfkeys@tmptoks=\toks23
))
\pgf@x=\dimen159
\pgf@y=\dimen160
\pgf@xa=\dimen161
\pgf@ya=\dimen162
\pgf@xb=\dimen163
\pgf@yb=\dimen164
\pgf@xc=\dimen165
\pgf@yc=\dimen166
\pgf@xd=\dimen167
\pgf@yd=\dimen168
\w@pgf@writea=\write3
\r@pgf@reada=\read4
\c@pgf@counta=\count314
\c@pgf@countb=\count315
\c@pgf@countc=\count316
\c@pgf@countd=\count317
\t@pgf@toka=\toks24
\t@pgf@tokb=\toks25
\t@pgf@tokc=\toks26
\pgf@sys@id@count=\count318
 (/opt/TinyTeX/texmf-dist/tex/generic/pgf/systemlayer/pgf.cfg
File: pgf.cfg 2023-01-15 v3.1.10 (3.1.10)
)
Driver file for pgf: pgfsys-pdftex.def
 (/opt/TinyTeX/texmf-dist/tex/generic/pgf/systemlayer/pgfsys-pdftex.def
File: pgfsys-pdftex.def 2023-01-15 v3.1.10 (3.1.10)
 (/opt/TinyTeX/texmf-dist/tex/generic/pgf/systemlayer/pgfsys-common-pdf.def
File: pgfsys-common-pdf.def 2023-01-15 v3.1.10 (3.1.10)
))) (/opt/TinyTeX/texmf-dist/tex/generic/pgf/systemlayer/pgfsyssoftpath.code.tex
File: pgfsyssoftpath.code.tex 2023-01-15 v3.1.10 (3.1.10)
\pgfsyssoftpath@smallbuffer@items=\count319
\pgfsyssoftpath@bigbuffer@items=\count320
) (/opt/TinyTeX/texmf-dist/tex/generic/pgf/systemlayer/pgfsysprotocol.code.tex
File: pgfsysprotocol.code.tex 2023-01-15 v3.1.10 (3.1.10)
)) (/opt/TinyTeX/texmf-dist/tex/latex/xcolor/xcolor.sty
Package: xcolor 2023/11/15 v3.01 LaTeX color extensions (UK)
 (/opt/TinyTeX/texmf-dist/tex/latex/graphics-cfg/color.cfg
File: color.cfg 2016/01/02 v1.6 sample color configuration
)
Package xcolor Info: Driver file: pdftex.def on input line 274.
 (/opt/TinyTeX/texmf-dist/tex/latex/graphics/mathcolor.ltx)
Package xcolor Info: Model `cmy' substituted by `cmy0' on input line 1350.
Package xcolor Info: Model `hsb' substituted by `rgb' on input line 1354.
Package xcolor Info: Model `RGB' extended on input line 1366.
Package xcolor Info: Model `HTML' substituted by `rgb' on input line 1368.
Package xcolor Info: Model `Hsb' substituted by `hsb' on input line 1369.
Package xcolor Info: Model `tHsb' substituted by `hsb' on input line 1370.
Package xcolor Info: Model `HSB' substituted by `hsb' on input line 1371.
Package xcolor Info: Model `Gray' substituted by `gray' on input line 1372.
Package xcolor Info: Model `wave' substituted by `hsb' on input line 1373.
) (/opt/TinyTeX/texmf-dist/tex/generic/pgf/basiclayer/pgfcore.code.tex
Package: pgfcore 2023-01-15 v3.1.10 (3.1.10)
 (/opt/TinyTeX/texmf-dist/tex/generic/pgf/math/pgfmath.code.tex (/opt/TinyTeX/texmf-dist/tex/generic/pgf/math/pgfmathutil.code.tex) (/opt/TinyTeX/texmf-dist/tex/generic/pgf/math/pgfmathparser.code.tex
\pgfmath@dimen=\dimen169
\pgfmath@count=\count321
\pgfmath@box=\box98
\pgfmath@toks=\toks27
\pgfmath@stack@operand=\toks28
\pgfmath@stack@operation=\toks29
) (/opt/TinyTeX/texmf-dist/tex/generic/pgf/math/pgfmathfunctions.code.tex) (/opt/TinyTeX/texmf-dist/tex/generic/pgf/math/pgfmathfunctions.basic.code.tex) (/opt/TinyTeX/texmf-dist/tex/generic/pgf/math/pgfmathfunctions.trigonometric.code.tex) (/opt/TinyTeX/texmf-dist/tex/generic/pgf/math/pgfmathfunctions.random.code.tex) (/opt/TinyTeX/texmf-dist/tex/generic/pgf/math/pgfmathfunctions.comparison.code.tex) (/opt/TinyTeX/texmf-dist/tex/generic/pgf/math/pgfmathfunctions.base.code.tex) (/opt/TinyTeX/texmf-dist/tex/generic/pgf/math/pgfmathfunctions.round.code.tex) (/opt/TinyTeX/texmf-dist/tex/generic/pgf/math/pgfmathfunctions.misc.code.tex) (/opt/TinyTeX/texmf-dist/tex/generic/pgf/math/pgfmathfunctions.integerarithmetics.code.tex) (/opt/TinyTeX/texmf-dist/tex/generic/pgf/math/pgfmathcalc.code.tex) (/opt/TinyTeX/texmf-dist/tex/generic/pgf/math/pgfmathfloat.code.tex
\c@pgfmathroundto@lastzeros=\count322
)) (/opt/TinyTeX/texmf-dist/tex/generic/pgf/math/pgfint.code.tex) (/opt/TinyTeX/texmf-dist/tex/generic/pgf/basiclayer/pgfcorepoints.code.tex
File: pgfcorepoints.code.tex 2023-01-15 v3.1.10 (3.1.10)
\pgf@picminx=\dimen170
\pgf@picmaxx=\dimen171
\pgf@picminy=\dimen172
\pgf@picmaxy=\dimen173
\pgf@pathminx=\dimen174
\pgf@pathmaxx=\dimen175
\pgf@pathminy=\dimen176
\pgf@pathmaxy=\dimen177
\pgf@xx=\dimen178
\pgf@xy=\dimen179
\pgf@yx=\dimen180
\pgf@yy=\dimen181
\pgf@zx=\dimen182
\pgf@zy=\dimen183
) (/opt/TinyTeX/texmf-dist/tex/generic/pgf/basiclayer/pgfcorepathconstruct.code.tex
File: pgfcorepathconstruct.code.tex 2023-01-15 v3.1.10 (3.1.10)
\pgf@path@lastx=\dimen184
\pgf@path@lasty=\dimen185
) (/opt/TinyTeX/texmf-dist/tex/generic/pgf/basiclayer/pgfcorepathusage.code.tex
File: pgfcorepathusage.code.tex 2023-01-15 v3.1.10 (3.1.10)
\pgf@shorten@end@additional=\dimen186
\pgf@shorten@start@additional=\dimen187
) (/opt/TinyTeX/texmf-dist/tex/generic/pgf/basiclayer/pgfcorescopes.code.tex
File: pgfcorescopes.code.tex 2023-01-15 v3.1.10 (3.1.10)
\pgfpic=\box99
\pgf@hbox=\box100
\pgf@layerbox@main=\box101
\pgf@picture@serial@count=\count323
) (/opt/TinyTeX/texmf-dist/tex/generic/pgf/basiclayer/pgfcoregraphicstate.code.tex
File: pgfcoregraphicstate.code.tex 2023-01-15 v3.1.10 (3.1.10)
\pgflinewidth=\dimen188
) (/opt/TinyTeX/texmf-dist/tex/generic/pgf/basiclayer/pgfcoretransformations.code.tex
File: pgfcoretransformations.code.tex 2023-01-15 v3.1.10 (3.1.10)
\pgf@pt@x=\dimen189
\pgf@pt@y=\dimen190
\pgf@pt@temp=\dimen191
) (/opt/TinyTeX/texmf-dist/tex/generic/pgf/basiclayer/pgfcorequick.code.tex
File: pgfcorequick.code.tex 2023-01-15 v3.1.10 (3.1.10)
) (/opt/TinyTeX/texmf-dist/tex/generic/pgf/basiclayer/pgfcoreobjects.code.tex
File: pgfcoreobjects.code.tex 2023-01-15 v3.1.10 (3.1.10)
) (/opt/TinyTeX/texmf-dist/tex/generic/pgf/basiclayer/pgfcorepathprocessing.code.tex
File: pgfcorepathprocessing.code.tex 2023-01-15 v3.1.10 (3.1.10)
) (/opt/TinyTeX/texmf-dist/tex/generic/pgf/basiclayer/pgfcorearrows.code.tex
File: pgfcorearrows.code.tex 2023-01-15 v3.1.10 (3.1.10)
\pgfarrowsep=\dimen192
) (/opt/TinyTeX/texmf-dist/tex/generic/pgf/basiclayer/pgfcoreshade.code.tex
File: pgfcoreshade.code.tex 2023-01-15 v3.1.10 (3.1.10)
\pgf@max=\dimen193
\pgf@sys@shading@range@num=\count324
\pgf@shadingcount=\count325
) (/opt/TinyTeX/texmf-dist/tex/generic/pgf/basiclayer/pgfcoreimage.code.tex
File: pgfcoreimage.code.tex 2023-01-15 v3.1.10 (3.1.10)
) (/opt/TinyTeX/texmf-dist/tex/generic/pgf/basiclayer/pgfcoreexternal.code.tex
File: pgfcoreexternal.code.tex 2023-01-15 v3.1.10 (3.1.10)
\pgfexternal@startupbox=\box102
) (/opt/TinyTeX/texmf-dist/tex/generic/pgf/basiclayer/pgfcorelayers.code.tex
File: pgfcorelayers.code.tex 2023-01-15 v3.1.10 (3.1.10)
) (/opt/TinyTeX/texmf-dist/tex/generic/pgf/basiclayer/pgfcoretransparency.code.tex
File: pgfcoretransparency.code.tex 2023-01-15 v3.1.10 (3.1.10)
) (/opt/TinyTeX/texmf-dist/tex/generic/pgf/basiclayer/pgfcorepatterns.code.tex
File: pgfcorepatterns.code.tex 2023-01-15 v3.1.10 (3.1.10)
) (/opt/TinyTeX/texmf-dist/tex/generic/pgf/basiclayer/pgfcorerdf.code.tex
File: pgfcorerdf.code.tex 2023-01-15 v3.1.10 (3.1.10)
))) (/opt/TinyTeX/texmf-dist/tex/generic/pgf/modules/pgfmoduleshapes.code.tex
File: pgfmoduleshapes.code.tex 2023-01-15 v3.1.10 (3.1.10)
\pgfnodeparttextbox=\box103
) (/opt/TinyTeX/texmf-dist/tex/generic/pgf/modules/pgfmoduleplot.code.tex
File: pgfmoduleplot.code.tex 2023-01-15 v3.1.10 (3.1.10)
) (/opt/TinyTeX/texmf-dist/tex/latex/pgf/compatibility/pgfcomp-version-0-65.sty
Package: pgfcomp-version-0-65 2023-01-15 v3.1.10 (3.1.10)
\pgf@nodesepstart=\dimen194
\pgf@nodesepend=\dimen195
) (/opt/TinyTeX/texmf-dist/tex/latex/pgf/compatibility/pgfcomp-version-1-18.sty
Package: pgfcomp-version-1-18 2023-01-15 v3.1.10 (3.1.10)
)) (/opt/TinyTeX/texmf-dist/tex/latex/pgf/utilities/pgffor.sty (/opt/TinyTeX/texmf-dist/tex/latex/pgf/utilities/pgfkeys.sty (/opt/TinyTeX/texmf-dist/tex/generic/pgf/utilities/pgfkeys.code.tex)) (/opt/TinyTeX/texmf-dist/tex/latex/pgf/math/pgfmath.sty (/opt/TinyTeX/texmf-dist/tex/generic/pgf/math/pgfmath.code.tex)) (/opt/TinyTeX/texmf-dist/tex/generic/pgf/utilities/pgffor.code.tex
Package: pgffor 2023-01-15 v3.1.10 (3.1.10)
\pgffor@iter=\dimen196
\pgffor@skip=\dimen197
\pgffor@stack=\toks30
\pgffor@toks=\toks31
)) (/opt/TinyTeX/texmf-dist/tex/generic/pgf/frontendlayer/tikz/tikz.code.tex
Package: tikz 2023-01-15 v3.1.10 (3.1.10)
 (/opt/TinyTeX/texmf-dist/tex/generic/pgf/libraries/pgflibraryplothandlers.code.tex
File: pgflibraryplothandlers.code.tex 2023-01-15 v3.1.10 (3.1.10)
\pgf@plot@mark@count=\count326
\pgfplotmarksize=\dimen198
)
\tikz@lastx=\dimen199
\tikz@lasty=\dimen256
\tikz@lastxsaved=\dimen257
\tikz@lastysaved=\dimen258
\tikz@lastmovetox=\dimen259
\tikz@lastmovetoy=\dimen260
\tikzleveldistance=\dimen261
\tikzsiblingdistance=\dimen262
\tikz@figbox=\box104
\tikz@figbox@bg=\box105
\tikz@tempbox=\box106
\tikz@tempbox@bg=\box107
\tikztreelevel=\count327
\tikznumberofchildren=\count328
\tikznumberofcurrentchild=\count329
\tikz@fig@count=\count330
 (/opt/TinyTeX/texmf-dist/tex/generic/pgf/modules/pgfmodulematrix.code.tex
File: pgfmodulematrix.code.tex 2023-01-15 v3.1.10 (3.1.10)
\pgfmatrixcurrentrow=\count331
\pgfmatrixcurrentcolumn=\count332
\pgf@matrix@numberofcolumns=\count333
)
\tikz@expandcount=\count334
 (/opt/TinyTeX/texmf-dist/tex/generic/pgf/frontendlayer/tikz/libraries/tikzlibrarytopaths.code.tex
File: tikzlibrarytopaths.code.tex 2023-01-15 v3.1.10 (3.1.10)
))) (/opt/TinyTeX/texmf-dist/tex/generic/pgf/frontendlayer/tikz/libraries/tikzlibrarysvg.path.code.tex
File: tikzlibrarysvg.path.code.tex 2023-01-15 v3.1.10 (3.1.10)
 (/opt/TinyTeX/texmf-dist/tex/generic/pgf/libraries/pgflibrarysvg.path.code.tex
File: pgflibrarysvg.path.code.tex 2023-01-15 v3.1.10 (3.1.10)
 (/opt/TinyTeX/texmf-dist/tex/generic/pgf/modules/pgfmoduleparser.code.tex
File: pgfmoduleparser.code.tex 2023-01-15 v3.1.10 (3.1.10)
\pgfparserdef@arg@count=\count335
)
\pgf@lib@svg@last@x=\dimen263
\pgf@lib@svg@last@y=\dimen264
\pgf@lib@svg@last@c@x=\dimen265
\pgf@lib@svg@last@c@y=\dimen266
\pgf@lib@svg@count=\count336
\pgf@lib@svg@max@num=\count337
)) (/opt/TinyTeX/texmf-dist/tex/latex/hyperref/hyperref.sty
Package: hyperref 2024-01-20 v7.01h Hypertext links for LaTeX
 (/opt/TinyTeX/texmf-dist/tex/generic/iftex/iftex.sty
Package: iftex 2022/02/03 v1.0f TeX engine tests
) (/opt/TinyTeX/texmf-dist/tex/latex/kvsetkeys/kvsetkeys.sty
Package: kvsetkeys 2022-10-05 v1.19 Key value parser (HO)
) (/opt/TinyTeX/texmf-dist/tex/generic/kvdefinekeys/kvdefinekeys.sty
Package: kvdefinekeys 2019-12-19 v1.6 Define keys (HO)
) (/opt/TinyTeX/texmf-dist/tex/generic/pdfescape/pdfescape.sty
Package: pdfescape 2019/12/09 v1.15 Implements pdfTeX's escape features (HO)
 (/opt/TinyTeX/texmf-dist/tex/generic/ltxcmds/ltxcmds.sty
Package: ltxcmds 2023-12-04 v1.26 LaTeX kernel commands for general use (HO)
) (/opt/TinyTeX/texmf-dist/tex/generic/pdftexcmds/pdftexcmds.sty
Package: pdftexcmds 2020-06-27 v0.33 Utility functions of pdfTeX for LuaTeX (HO)
 (/opt/TinyTeX/texmf-dist/tex/generic/infwarerr/infwarerr.sty
Package: infwarerr 2019/12/03 v1.5 Providing info/warning/error messages (HO)
)
Package pdftexcmds Info: \pdf@primitive is available.
Package pdftexcmds Info: \pdf@ifprimitive is available.
Package pdftexcmds Info: \pdfdraftmode found.
)) (/opt/TinyTeX/texmf-dist/tex/latex/hycolor/hycolor.sty
Package: hycolor 2020-01-27 v1.10 Color options for hyperref/bookmark (HO)
) (/opt/TinyTeX/texmf-dist/tex/latex/auxhook/auxhook.sty
Package: auxhook 2019-12-17 v1.6 Hooks for auxiliary files (HO)
) (/opt/TinyTeX/texmf-dist/tex/latex/hyperref/nameref.sty
Package: nameref 2023-11-26 v2.56 Cross-referencing by name of section
 (/opt/TinyTeX/texmf-dist/tex/latex/refcount/refcount.sty
Package: refcount 2019/12/15 v3.6 Data extraction from label references (HO)
) (/opt/TinyTeX/texmf-dist/tex/generic/gettitlestring/gettitlestring.sty
Package: gettitlestring 2019/12/15 v1.6 Cleanup title references (HO)
 (/opt/TinyTeX/texmf-dist/tex/latex/kvoptions/kvoptions.sty
Package: kvoptions 2022-06-15 v3.15 Key value format for package options (HO)
))
\c@section@level=\count338
)
\@linkdim=\dimen267
\Hy@linkcounter=\count339
\Hy@pagecounter=\count340
 (/opt/TinyTeX/texmf-dist/tex/latex/hyperref/pd1enc.def
File: pd1enc.def 2024-01-20 v7.01h Hyperref: PDFDocEncoding definition (HO)
Now handling font encoding PD1 ...
... no UTF-8 mapping file for font encoding PD1
) (/opt/TinyTeX/texmf-dist/tex/generic/intcalc/intcalc.sty
Package: intcalc 2019/12/15 v1.3 Expandable calculations with integers (HO)
)
\Hy@SavedSpaceFactor=\count341
 (/opt/TinyTeX/texmf-dist/tex/latex/hyperref/puenc.def
File: puenc.def 2024-01-20 v7.01h Hyperref: PDF Unicode definition (HO)
Now handling font encoding PU ...
... no UTF-8 mapping file for font encoding PU
)
Package hyperref Info: Hyper figures OFF on input line 4179.
Package hyperref Info: Link nesting OFF on input line 4184.
Package hyperref Info: Hyper index ON on input line 4187.
Package hyperref Info: Plain pages OFF on input line 4194.
Package hyperref Info: Backreferencing OFF on input line 4199.
Package hyperref Info: Implicit mode ON; LaTeX internals redefined.
Package hyperref Info: Bookmarks ON on input line 4446.
\c@Hy@tempcnt=\count342
 (/opt/TinyTeX/texmf-dist/tex/latex/url/url.sty
\Urlmuskip=\muskip16
Package: url 2013/09/16  ver 3.4  Verb mode for urls, etc.
)
LaTeX Info: Redefining \url on input line 4784.
\XeTeXLinkMargin=\dimen268
 (/opt/TinyTeX/texmf-dist/tex/generic/bitset/bitset.sty
Package: bitset 2019/12/09 v1.3 Handle bit-vector datatype (HO)
 (/opt/TinyTeX/texmf-dist/tex/generic/bigintcalc/bigintcalc.sty
Package: bigintcalc 2019/12/15 v1.5 Expandable calculations on big integers (HO)
))
\Fld@menulength=\count343
\Field@Width=\dimen269
\Fld@charsize=\dimen270
Package hyperref Info: Hyper figures OFF on input line 6063.
Package hyperref Info: Link nesting OFF on input line 6068.
Package hyperref Info: Hyper index ON on input line 6071.
Package hyperref Info: backreferencing OFF on input line 6078.
Package hyperref Info: Link coloring OFF on input line 6083.
Package hyperref Info: Link coloring with OCG OFF on input line 6088.
Package hyperref Info: PDF/A mode OFF on input line 6093.
 (/opt/TinyTeX/texmf-dist/tex/latex/base/atbegshi-ltx.sty
Package: atbegshi-ltx 2021/01/10 v1.0c Emulation of the original atbegshi
package with kernel methods
)
\Hy@abspage=\count344
\c@Item=\count345
\c@Hfootnote=\count346
)
Package hyperref Info: Driver (autodetected): hpdftex.
 (/opt/TinyTeX/texmf-dist/tex/latex/hyperref/hpdftex.def
File: hpdftex.def 2024-01-20 v7.01h Hyperref driver for pdfTeX
 (/opt/TinyTeX/texmf-dist/tex/latex/base/atveryend-ltx.sty
Package: atveryend-ltx 2020/08/19 v1.0a Emulation of the original atveryend package
with kernel methods
)
\Fld@listcount=\count347
\c@bookmark@seq@number=\count348
 (/opt/TinyTeX/texmf-dist/tex/latex/rerunfilecheck/rerunfilecheck.sty
Package: rerunfilecheck 2022-07-10 v1.10 Rerun checks for auxiliary files (HO)
 (/opt/TinyTeX/texmf-dist/tex/generic/uniquecounter/uniquecounter.sty
Package: uniquecounter 2019/12/15 v1.4 Provide unlimited unique counter (HO)
)
Package uniquecounter Info: New unique counter `rerunfilecheck' on input line 285.
)
\Hy@SectionHShift=\skip64
)
Package hyperref Info: Option `colorlinks' set `true' on input line 210.
 (/opt/TinyTeX/texmf-dist/tex/latex/booktabs/booktabs.sty
Package: booktabs 2020/01/12 v1.61803398 Publication quality tables
\heavyrulewidth=\dimen271
\lightrulewidth=\dimen272
\cmidrulewidth=\dimen273
\belowrulesep=\dimen274
\belowbottomsep=\dimen275
\aboverulesep=\dimen276
\abovetopsep=\dimen277
\cmidrulesep=\dimen278
\cmidrulekern=\dimen279
\defaultaddspace=\dimen280
\@cmidla=\count349
\@cmidlb=\count350
\@aboverulesep=\dimen281
\@belowrulesep=\dimen282
\@thisruleclass=\count351
\@lastruleclass=\count352
\@thisrulewidth=\dimen283
) (/opt/TinyTeX/texmf-dist/tex/latex/verbatimbox/verbatimbox.sty
Package: verbatimbox 2023/08/08 v3.2\ Routines for placing verbatim text into boxes, useful in places where the verbatim environment is inaccessible. Secondarily, for adding vertical buffer around an object.
 (/opt/TinyTeX/texmf-dist/tex/latex/tools/verbatim.sty
Package: verbatim 2023-11-06 v1.5v LaTeX2e package for verbatim enhancements
\every@verbatim=\toks32
\verbatim@line=\toks33
\verbatim@in@stream=\read5
) (/opt/TinyTeX/texmf-dist/tex/latex/readarray/readarray.sty
Package: readarray 2021/09/17\ 3.1\ Routines for inputting 2D and 3D array data and recalling it on an element-by-element basis.
 (/opt/TinyTeX/texmf-dist/tex/latex/forloop/forloop.sty
Package: forloop 2023/05/03 v3.0 For Loops for LaTeX
 (/opt/TinyTeX/texmf-dist/tex/latex/base/ifthen.sty
Package: ifthen 2022/04/13 v1.1d Standard LaTeX ifthen package (DPC)
)) (/opt/TinyTeX/texmf-dist/tex/generic/listofitems/listofitems.sty (/opt/TinyTeX/texmf-dist/tex/generic/listofitems/listofitems.tex
\loi_cnt_foreach_nest=\count353
\loi_nestcnt=\count354
)
Package: listofitems 2024/03/09 v1.65 Grab items in lists using user-specified sep char (CT)
)
\c@@index=\count355
\c@@plane=\count356
\c@@row=\count357
\c@@col=\count358
\c@use@args=\count359
\c@@record=\count360
\c@index@count=\count361
\Arg@toks=\toks34
\@arrayident@toks=\toks35
\rdar@file=\read6
\readarrayendlinechar=\count362

readarray: bounds checking OFF
)
\savedverbbox=\box108
\c@VerbboxLineNo=\count363
\boxtopsep=\dimen284
\boxbottomsep=\dimen285
\ps@tempdima=\dimen286
\ps@tempboxa=\box109
\boxtop@sep=\skip65
\boxbottom@sep=\skip66
)
\@indexfile=\write4
\openout4 = `apa7.idx'.


Writing index file apa7.idx
\@glossaryfile=\write5
\openout5 = `apa7.glo'.

Writing glossary file apa7.glo 
(/opt/TinyTeX/texmf-dist/tex/latex/hypdoc/hypdoc.sty
Package: hypdoc 2023-10-26 v1.19 Hyper extensions for doc.sty (HO)


Package hypdoc Warning: hyperref has been loaded before with option 'hyperindex' enabled.
(hypdoc)                The index will not work properly. on input line 65.

Package hypdoc Info: hyperref has been loaded before with option 'pdfusetitle' disabled. on input line 65.
Package hyperref Info: Option `colorlinks' set `true' on input line 75.
Package hyperref Info: Option `plainpages' set `false' on input line 75.
Package hyperref Info: Option `bookmarksopen' set `true' on input line 75.
Package hyperref Info: Option `bookmarksnumbered' set `true' on input line 75.
\c@HD@unique=\count364
\c@HD@hypercount=\count365
\HD@helplength=\skip67
)
LaTeX Font Info:    Trying to load font information for T1+lmr on input line 218.
 (/opt/TinyTeX/texmf-dist/tex/latex/lm/t1lmr.fd
File: t1lmr.fd 2015/05/01 v1.6.1 Font defs for Latin Modern
) (/opt/TinyTeX/texmf-dist/tex/latex/l3backend/l3backend-pdftex.def
File: l3backend-pdftex.def 2024-04-11 L3 backend support: PDF output (pdfTeX)
\l__color_backend_stack_int=\count366
\l__pdf_internal_box=\box110
) (./apa7.aux)
\openout1 = `apa7.aux'.

LaTeX Font Info:    Checking defaults for OML/cmm/m/it on input line 218.
LaTeX Font Info:    ... okay on input line 218.
LaTeX Font Info:    Checking defaults for OMS/cmsy/m/n on input line 218.
LaTeX Font Info:    ... okay on input line 218.
LaTeX Font Info:    Checking defaults for OT1/cmr/m/n on input line 218.
LaTeX Font Info:    ... okay on input line 218.
LaTeX Font Info:    Checking defaults for T1/cmr/m/n on input line 218.
LaTeX Font Info:    ... okay on input line 218.
LaTeX Font Info:    Checking defaults for TS1/cmr/m/n on input line 218.
LaTeX Font Info:    ... okay on input line 218.
LaTeX Font Info:    Checking defaults for OMX/cmex/m/n on input line 218.
LaTeX Font Info:    ... okay on input line 218.
LaTeX Font Info:    Checking defaults for U/cmr/m/n on input line 218.
LaTeX Font Info:    ... okay on input line 218.
LaTeX Font Info:    Checking defaults for PD1/pdf/m/n on input line 218.
LaTeX Font Info:    ... okay on input line 218.
LaTeX Font Info:    Checking defaults for PU/pdf/m/n on input line 218.
LaTeX Font Info:    ... okay on input line 218.
Package doc Info: Made | a short reference for \verb on input line 218.
 (/opt/TinyTeX/texmf-dist/tex/context/base/mkii/supp-pdf.mkii
[Loading MPS to PDF converter (version 2006.09.02).]
\scratchcounter=\count367
\scratchdimen=\dimen287
\scratchbox=\box111
\nofMPsegments=\count368
\nofMParguments=\count369
\everyMPshowfont=\toks36
\MPscratchCnt=\count370
\MPscratchDim=\dimen288
\MPnumerator=\count371
\makeMPintoPDFobject=\count372
\everyMPtoPDFconversion=\toks37
) (/opt/TinyTeX/texmf-dist/tex/latex/epstopdf-pkg/epstopdf-base.sty
Package: epstopdf-base 2020-01-24 v2.11 Base part for package epstopdf
Package epstopdf-base Info: Redefining graphics rule for `.eps' on input line 485.
 (/opt/TinyTeX/texmf-dist/tex/latex/latexconfig/epstopdf-sys.cfg
File: epstopdf-sys.cfg 2010/07/13 v1.3 Configuration of (r)epstopdf for TeX Live
))
Package hyperref Info: Link coloring ON on input line 218.
 (./apa7.out) (./apa7.out)
\@outlinefile=\write6
\openout6 = `apa7.out'.

 (./apa7.hd)
\HD@savedest@out=\write7
\openout7 = `apa7.hd'.

 (./apa7.dtx
LaTeX Font Info:    Trying to load font information for T1+lmss on input line 241.
 (/opt/TinyTeX/texmf-dist/tex/latex/lm/t1lmss.fd
File: t1lmss.fd 2015/05/01 v1.6.1 Font defs for Latin Modern
)
LaTeX Font Info:    Trying to load font information for OT1+lmr on input line 241.
 (/opt/TinyTeX/texmf-dist/tex/latex/lm/ot1lmr.fd
File: ot1lmr.fd 2015/05/01 v1.6.1 Font defs for Latin Modern
)
LaTeX Font Info:    Trying to load font information for OML+lmm on input line 241.
 (/opt/TinyTeX/texmf-dist/tex/latex/lm/omllmm.fd
File: omllmm.fd 2015/05/01 v1.6.1 Font defs for Latin Modern
)
LaTeX Font Info:    Trying to load font information for OMS+lmsy on input line 241.
 (/opt/TinyTeX/texmf-dist/tex/latex/lm/omslmsy.fd
File: omslmsy.fd 2015/05/01 v1.6.1 Font defs for Latin Modern
)
LaTeX Font Info:    Trying to load font information for OMX+lmex on input line 241.
 (/opt/TinyTeX/texmf-dist/tex/latex/lm/omxlmex.fd
File: omxlmex.fd 2015/05/01 v1.6.1 Font defs for Latin Modern
)
LaTeX Font Info:    External font `lmex10' loaded for size
(Font)              <17.28> on input line 241.
LaTeX Font Info:    External font `lmex10' loaded for size
(Font)              <12> on input line 241.
LaTeX Font Info:    External font `lmex10' loaded for size
(Font)              <10> on input line 241.
LaTeX Font Info:    External font `lmex10' loaded for size
(Font)              <8> on input line 241.
LaTeX Font Info:    External font `lmex10' loaded for size
(Font)              <6> on input line 241.
LaTeX Font Info:    External font `lmex10' loaded for size
(Font)              <5> on input line 241.
 (./apa7.toc
LaTeX Font Info:    External font `lmex10' loaded for size
(Font)              <7> on input line 5.
 [1

{/opt/TinyTeX/texmf-var/fonts/map/pdftex/updmap/pdftex.map}{/opt/TinyTeX/texmf-dist/fonts/enc/dvips/lm/lm-ec.enc}{/opt/TinyTeX/texmf-dist/fonts/enc/dvips/lm/lm-mathsy.enc}])
\tf@toc=\write8
\openout8 = `apa7.toc'.

LaTeX Font Info:    Trying to load font information for T1+lmtt on input line 328.
 (/opt/TinyTeX/texmf-dist/tex/latex/lm/t1lmtt.fd
File: t1lmtt.fd 2015/05/01 v1.6.1 Font defs for Latin Modern
) [2]
LaTeX Font Info:    Trying to load font information for TS1+lmr on input line 343.
 (/opt/TinyTeX/texmf-dist/tex/latex/lm/ts1lmr.fd
File: ts1lmr.fd 2015/05/01 v1.6.1 Font defs for Latin Modern
) [3{/opt/TinyTeX/texmf-dist/fonts/enc/dvips/lm/lm-ts1.enc}] [4]
Overfull \hbox (43.24889pt too wide) in paragraph at lines 503--503
[][][]\T1/lmtt/m/n/10 \authorsaffiliations{{Department of Psychology, George Mason University}} 
 []


Overfull \hbox (6.499pt too wide) in paragraph at lines 506--506
[][][]\T1/lmtt/m/n/10 \authorsaffiliations{{School of Psychology, University of Sydney}, 
 []

[5]
Overfull \hbox (22.24895pt too wide) in paragraph at lines 510--510
[][][]\T1/lmtt/m/n/10 \authorsaffiliations{{College of Nursing, Michigan State University}} 
 []


Overfull \hbox (95.74873pt too wide) in paragraph at lines 513--513
[][][]\T1/lmtt/m/n/10 \authorsaffiliations{{Max Planck Institute for Human Development, Berlin, Germany}, 
 []


Overfull \hbox (100.99872pt too wide) in paragraph at lines 516--516
[][][]\T1/lmtt/m/n/10 \authorsnames[1,{2,3},1]{Savannah C. St. John, Fen-Lei Chang, Carlos O. Vásquez III} 
 []


Overfull \hbox (64.24883pt too wide) in paragraph at lines 517--517
[][][]\T1/lmtt/m/n/10 \authorsaffiliations{{Education Testing Service, Princeton, New Jersey, ...}, 
 []


LaTeX Warning: Characters dropped after `\end{verbatim}' on input line 541.


Underfull \hbox (badness 10000) in paragraph at lines 542--544

 []

[6]

LaTeX Warning: Marginpar on page 7 moved.


LaTeX Warning: Marginpar on page 7 moved.

[7]

LaTeX Warning: Marginpar on page 8 moved.


LaTeX Warning: Marginpar on page 8 moved.


LaTeX Warning: Marginpar on page 8 moved.


LaTeX Warning: Marginpar on page 8 moved.


Overfull \hbox (2.52577pt too wide) in paragraph at lines 642--645
[][]\T1/lmtt/m/n/10 \includegraphic[]\T1/lmr/m/n/10 , [][]\T1/lmtt/m/n/10 \fitfigure[]\T1/lmr/m/n/10 , or sim-i-lar com-mand within [][]\T1/lmtt/m/n/10 \begin{figure}
 []


Overfull \hbox (38.79141pt too wide) in paragraph at lines 645--648
[][][][][]\T1/lmtt/m/n/10 \tablenote[]{$\OMS/lmsy/m/n/10 h$[]\T1/lmr/m/it/10 table-note-text$\OMS/lmsy/m/n/10 i$[]\T1/lmtt/m/n/10 }\T1/lmr/m/n/10 : For-mats ta-ble note when placed af-ter [][]\T1/lmtt/m/n/10 \end{tabular}
 []

[8] [9] [10]

LaTeX Warning: Marginpar on page 11 moved.


LaTeX Warning: Marginpar on page 11 moved.


LaTeX Warning: Marginpar on page 11 moved.


Underfull \hbox (badness 10000) in paragraph at lines 805--808

 []

[11]
Overfull \hbox (3.87946pt too wide) in paragraph at lines 885--888
[]\T1/lmss/m/n/10 draftwatermark\T1/lmr/m/n/10 : in-cludes a ``DRAFT'' wa-ter-mark; used only if the [][]\T1/lmtt/m/n/10 draftfirst
 []

[12] [13]
Overfull \hbox (85.35826pt too wide) in paragraph at lines 936--936
[] 
 []


Overfull \hbox (85.35826pt too wide) in paragraph at lines 938--938
[] 
 []


Overfull \hbox (85.35826pt too wide) in paragraph at lines 942--942
[] 
 []


Overfull \hbox (85.35826pt too wide) in paragraph at lines 944--944
[] 
 []


Overfull \hbox (85.35826pt too wide) in paragraph at lines 947--947
[] 
 []


Overfull \hbox (85.35826pt too wide) in paragraph at lines 949--949
[] 
 []


Overfull \hbox (85.35826pt too wide) in paragraph at lines 954--954
[] 
 []


Overfull \hbox (85.35826pt too wide) in paragraph at lines 956--956
[] 
 []


Overfull \hbox (27.60843pt too wide) in paragraph at lines 958--958
[]
 []


Overfull \hbox (80.10828pt too wide) in paragraph at lines 958--958
\T1/lmtt/m/n/10 \maketitle 
 []


Overfull \hbox (85.35826pt too wide) in paragraph at lines 961--961
[] 
 []


Overfull \hbox (85.35826pt too wide) in paragraph at lines 965--965
[] 
 []


Overfull \hbox (1.3585pt too wide) in paragraph at lines 967--967
[]
 []


Overfull \hbox (80.10828pt too wide) in paragraph at lines 967--967
\T1/lmtt/m/n/10 Method section. 
 []


Overfull \hbox (85.35826pt too wide) in paragraph at lines 968--968
[] 
 []


Overfull \hbox (85.35826pt too wide) in paragraph at lines 972--972
[] 
 []


Overfull \hbox (85.35826pt too wide) in paragraph at lines 976--976
[] 
 []


Overfull \hbox (85.35826pt too wide) in paragraph at lines 979--979
[] 
 []

[14]
Overfull \hbox (85.35826pt too wide) in paragraph at lines 982--982
[] 
 []


Overfull \hbox (85.35826pt too wide) in paragraph at lines 985--985
[] 
 []


Overfull \hbox (85.35826pt too wide) in paragraph at lines 988--988
[] 
 []


Overfull \hbox (85.35826pt too wide) in paragraph at lines 990--990
[] 
 []


Overfull \hbox (85.35826pt too wide) in paragraph at lines 993--993
[] 
 []


Overfull \hbox (85.35826pt too wide) in paragraph at lines 997--997
[] 
 []


Overfull \hbox (85.35826pt too wide) in paragraph at lines 1001--1001
[] 
 []


Overfull \hbox (1.3585pt too wide) in paragraph at lines 1003--1003
[]
 []


Overfull \hbox (69.6083pt too wide) in paragraph at lines 1003--1003
\T1/lmtt/m/n/10 \vspace*{2em} 
 []


Overfull \hbox (85.35826pt too wide) in paragraph at lines 1017--1017
[] 
 []


Overfull \hbox (85.35826pt too wide) in paragraph at lines 1020--1020
[] 
 []


Overfull \hbox (27.60843pt too wide) in paragraph at lines 1023--1023
[]
 []


Overfull \hbox (32.85841pt too wide) in paragraph at lines 1023--1023
\T1/lmtt/m/n/10 } 
 []


Overfull \hbox (22.35844pt too wide) in paragraph at lines 1025--1025
[]
 []


Overfull \hbox (80.10828pt too wide) in paragraph at lines 1025--1025
\T1/lmtt/m/n/10 \end{table} 
 []


Overfull \hbox (85.35826pt too wide) in paragraph at lines 1026--1026
[] 
 []

[15]
Overfull \hbox (85.35826pt too wide) in paragraph at lines 1030--1030
[] 
 []


Overfull \hbox (85.35826pt too wide) in paragraph at lines 1032--1032
[] 
 []


Overfull \hbox (6.60849pt too wide) in paragraph at lines 1033--1033
[]
 []


Overfull \hbox (80.10828pt too wide) in paragraph at lines 1033--1033
\T1/lmtt/m/n/10 \end{document} 
 []


Overfull \hbox (80.10828pt too wide) in paragraph at lines 1034--1034
[]
 []


Overfull \hbox (80.10828pt too wide) in paragraph at lines 1034--1034

 []

<samples/shortsample.pdf, id=276, 614.295pt x 794.97pt>
File: samples/shortsample.pdf Graphic file (type pdf)
<use samples/shortsample.pdf>
Package pdftex.def Info: samples/shortsample.pdf  used on input line 1042.
(pdftex.def)             Requested size: 375.80455pt x 502.99973pt.

Overfull \hbox (20.80455pt too wide) in paragraph at lines 1042--1043
[] 
 []

(./apa7.gls [16] [17 <./samples/shortsample.pdf>] [18]) (./apa7.ind)) [19] (./apa7.aux)
 ***********
LaTeX2e <2023-11-01> patch level 1
L3 programming layer <2024-04-11>
 ***********
Package rerunfilecheck Info: File `apa7.out' has not changed.
(rerunfilecheck)             Checksum: 65CB11A62F9ABF26BAE7A8FBF35B1974;5310.
Package rerunfilecheck Info: File `apa7.hd' has not changed.
(rerunfilecheck)             Checksum: D41D8CD98F00B204E9800998ECF8427E;0.
 ) 
Here is how much of TeX's memory you used:
 21849 strings out of 474050
 405265 string characters out of 5743276
 1945751 words of memory out of 5000000
 43778 multiletter control sequences out of 15000+600000
 644910 words of font info for 81 fonts, out of 8000000 for 9000
 1141 hyphenation exceptions out of 8191
 84i,9n,93p,410b,814s stack positions out of 10000i,1000n,20000p,200000b,200000s
</opt/TinyTeX/texmf-dist/fonts/type1/public/lm/lmbx10.pfb></opt/TinyTeX/texmf-dist/fonts/type1/public/lm/lmbx12.pfb></opt/TinyTeX/texmf-dist/fonts/type1/public/lm/lmbx9.pfb></opt/TinyTeX/texmf-dist/fonts/type1/public/lm/lmbxi10.pfb></opt/TinyTeX/texmf-dist/fonts/type1/public/lm/lmr10.pfb></opt/TinyTeX/texmf-dist/fonts/type1/public/lm/lmr12.pfb></opt/TinyTeX/texmf-dist/fonts/type1/public/lm/lmr17.pfb></opt/TinyTeX/texmf-dist/fonts/type1/public/lm/lmr7.pfb></opt/TinyTeX/texmf-dist/fonts/type1/public/lm/lmr8.pfb></opt/TinyTeX/texmf-dist/fonts/type1/public/lm/lmr9.pfb></opt/TinyTeX/texmf-dist/fonts/type1/public/lm/lmri10.pfb></opt/TinyTeX/texmf-dist/fonts/type1/public/lm/lmri9.pfb></opt/TinyTeX/texmf-dist/fonts/type1/public/lm/lmss10.pfb></opt/TinyTeX/texmf-dist/fonts/type1/public/lm/lmss17.pfb></opt/TinyTeX/texmf-dist/fonts/type1/public/lm/lmss9.pfb></opt/TinyTeX/texmf-dist/fonts/type1/public/lm/lmssbx10.pfb></opt/TinyTeX/texmf-dist/fonts/type1/public/lm/lmsy10.pfb></opt/TinyTeX/texmf-dist/fonts/type1/public/lm/lmsy6.pfb></opt/TinyTeX/texmf-dist/fonts/type1/public/lm/lmsy8.pfb></opt/TinyTeX/texmf-dist/fonts/type1/public/lm/lmtt10.pfb></opt/TinyTeX/texmf-dist/fonts/type1/public/lm/lmtt9.pfb></opt/TinyTeX/texmf-dist/fonts/type1/public/txfonts/rtxr.pfb></opt/TinyTeX/texmf-dist/fonts/type1/urw/helvetic/uhvr8a.pfb></opt/TinyTeX/texmf-dist/fonts/type1/urw/times/utmb8a.pfb></opt/TinyTeX/texmf-dist/fonts/type1/urw/times/utmbi8a.pfb></opt/TinyTeX/texmf-dist/fonts/type1/urw/times/utmr8a.pfb></opt/TinyTeX/texmf-dist/fonts/type1/urw/times/utmri8a.pfb>
Output written on apa7.pdf (19 pages, 558921 bytes).
PDF statistics:
 481 PDF objects out of 1000 (max. 8388607)
 398 compressed objects within 4 object streams
 58 named destinations out of 1000 (max. 500000)
 298 words of extra memory for PDF output out of 10000 (max. 10000000)

